2020-09-14 23:08:29 : GuiCanvas.py
	Info : Monitor info : {'Monitor': (0, 0, 1366, 768), 'Work': (0, 0, 1366, 738), 'Flags': 1, 'Device': '\\\\.\\DISPLAY1'}
2020-09-14 23:08:29 : GuiCanvas.py
	Info : set acc_ra: 0.5402635431918009
2020-09-14 23:08:29 : GuiMain.py
	Info : max_screen : <Map event>
2020-09-14 23:12:39 : GuiCanvas.py
	Info : Monitor info : {'Monitor': (0, 0, 1366, 768), 'Work': (0, 0, 1366, 738), 'Flags': 1, 'Device': '\\\\.\\DISPLAY1'}
2020-09-14 23:12:39 : GuiCanvas.py
	Info : set acc_ra: 0.5402635431918009
2020-09-14 23:12:40 : GuiMain.py
	Info : max_screen : <Map event>
2020-09-14 23:14:54 : GuiCanvas.py
	Info : Monitor info : {'Monitor': (0, 0, 1366, 768), 'Work': (0, 0, 1366, 738), 'Flags': 1, 'Device': '\\\\.\\DISPLAY1'}
2020-09-14 23:14:54 : GuiCanvas.py
	Info : set acc_ra: 0.5402635431918009
2020-09-14 23:14:55 : GuiMain.py
	Info : max_screen : <Map event>
2020-09-14 23:15:11 : GuiMain.py
	Info : mini_btn_on_hovering : <Enter event state=Mod1 focus=False x=3 y=12>
2020-09-14 23:15:11 : GuiMain.py
	Info : return_to_normal_state : <Leave event state=Mod1 focus=False x=23 y=12>
2020-09-14 23:15:11 : GuiMain.py
	Info : close_btn_on_hovering : <Enter event state=Mod1 focus=False x=2 y=12>
2020-09-14 23:17:23 : GuiCanvas.py
	Info : Monitor info : {'Monitor': (0, 0, 1366, 768), 'Work': (0, 0, 1366, 738), 'Flags': 1, 'Device': '\\\\.\\DISPLAY1'}
2020-09-14 23:17:23 : GuiCanvas.py
	Info : set acc_ra: 0.5402635431918009
2020-09-14 23:17:23 : GuiMain.py
	Info : max_screen : <Map event>
2020-09-14 23:17:36 : GuiCanvas.py
	Info : Monitor info : {'Monitor': (0, 0, 1366, 768), 'Work': (0, 0, 1366, 738), 'Flags': 1, 'Device': '\\\\.\\DISPLAY1'}
2020-09-14 23:17:36 : GuiCanvas.py
	Info : set acc_ra: 0.5402635431918009
2020-09-14 23:17:36 : GuiMain.py
	Info : max_screen : <Map event>
2020-09-15 00:08:47 : GuiCanvas.py
	Info : Monitor info : {'Monitor': (0, 0, 1366, 768), 'Work': (0, 0, 1366, 738), 'Flags': 1, 'Device': '\\\\.\\DISPLAY1'}
2020-09-15 00:08:47 : GuiCanvas.py
	Info : set acc_ra: 0.5402635431918009
2020-09-15 00:08:48 : GuiMain.py
	Info : max_screen : <Map event>
2020-09-15 00:10:41 : GuiCanvas.py
	Info : Monitor info : {'Monitor': (0, 0, 1366, 768), 'Work': (0, 0, 1366, 738), 'Flags': 1, 'Device': '\\\\.\\DISPLAY1'}
2020-09-15 00:10:41 : GuiCanvas.py
	Info : set acc_ra: 0.5402635431918009
2020-09-15 00:10:42 : GuiMain.py
	Info : max_screen : <Map event>
2020-09-15 00:11:46 : GuiCanvas.py
	Info : Monitor info : {'Monitor': (0, 0, 1366, 768), 'Work': (0, 0, 1366, 738), 'Flags': 1, 'Device': '\\\\.\\DISPLAY1'}
2020-09-15 00:11:46 : GuiCanvas.py
	Info : set acc_ra: 0.5402635431918009
2020-09-15 00:11:46 : GuiMain.py
	Info : max_screen : <Map event>
2020-09-15 00:13:23 : GuiCanvas.py
	Info : Monitor info : {'Monitor': (0, 0, 1366, 768), 'Work': (0, 0, 1366, 738), 'Flags': 1, 'Device': '\\\\.\\DISPLAY1'}
2020-09-15 00:13:23 : GuiCanvas.py
	Info : set acc_ra: 0.5402635431918009
2020-09-15 00:13:23 : GuiMain.py
	Info : max_screen : <Map event>
2020-09-15 00:17:21 : GuiCanvas.py
	Info : Monitor info : {'Monitor': (0, 0, 1366, 768), 'Work': (0, 0, 1366, 738), 'Flags': 1, 'Device': '\\\\.\\DISPLAY1'}
2020-09-15 00:17:21 : GuiCanvas.py
	Info : set acc_ra: 0.5402635431918009
2020-09-15 00:17:22 : GuiMain.py
	Info : max_screen : <Map event>
2020-09-15 00:19:39 : GuiCanvas.py
	Info : Monitor info : {'Monitor': (0, 0, 1366, 768), 'Work': (0, 0, 1366, 738), 'Flags': 1, 'Device': '\\\\.\\DISPLAY1'}
2020-09-15 00:19:39 : GuiCanvas.py
	Info : set acc_ra: 0.5402635431918009
2020-09-15 00:19:40 : GuiMain.py
	Info : max_screen : <Map event>
2020-09-15 00:19:44 : GuiMain.py
	Info : mini_btn_on_hovering : <Enter event state=Mod1 focus=False x=1 y=24>
2020-09-15 00:19:44 : GuiMain.py
	Info : mini_screen : <ButtonPress event state=Mod1 num=1 x=8 y=21>
2020-09-15 00:19:44 : GuiMain.py
	Info : return_to_normal_state : <Leave event state=Mod1|Button1 focus=False x=32008 y=32021>
2020-09-15 00:19:44 : GuiMain.py
	Info : return_to_normal_state : <Leave event state=Mod1 focus=False x=32008 y=32021>
2020-09-15 00:22:14 : GuiCanvas.py
	Info : Monitor info : {'Monitor': (0, 0, 1366, 768), 'Work': (0, 0, 1366, 738), 'Flags': 1, 'Device': '\\\\.\\DISPLAY1'}
2020-09-15 00:22:14 : GuiCanvas.py
	Info : set acc_ra: 0.5402635431918009
2020-09-15 00:22:14 : GuiMain.py
	Info : max_screen : <Map event>
2020-09-15 00:22:38 : GuiCanvas.py
	Info : Monitor info : {'Monitor': (0, 0, 1366, 768), 'Work': (0, 0, 1366, 738), 'Flags': 1, 'Device': '\\\\.\\DISPLAY1'}
2020-09-15 00:22:38 : GuiCanvas.py
	Info : set acc_ra: 0.5402635431918009
2020-09-15 00:22:39 : GuiMain.py
	Info : max_screen : <Map event>
2020-09-15 00:31:23 : GuiCanvas.py
	Info : Monitor info : {'Monitor': (0, 0, 1366, 768), 'Work': (0, 0, 1366, 738), 'Flags': 1, 'Device': '\\\\.\\DISPLAY1'}
2020-09-15 00:31:23 : GuiCanvas.py
	Info : set acc_ra: 0.5402635431918009
2020-09-15 00:31:24 : GuiMain.py
	Info : max_screen : <Map event>
2020-09-15 00:31:49 : GuiCanvas.py
	Info : Monitor info : {'Monitor': (0, 0, 1366, 768), 'Work': (0, 0, 1366, 738), 'Flags': 1, 'Device': '\\\\.\\DISPLAY1'}
2020-09-15 00:31:49 : GuiCanvas.py
	Info : set acc_ra: 0.5402635431918009
2020-09-15 00:31:50 : GuiMain.py
	Info : max_screen : <Map event>
2020-09-15 00:35:09 : GuiCanvas.py
	Info : Monitor info : {'Monitor': (0, 0, 1366, 768), 'Work': (0, 0, 1366, 738), 'Flags': 1, 'Device': '\\\\.\\DISPLAY1'}
2020-09-15 00:35:09 : GuiCanvas.py
	Info : set acc_ra: 0.5402635431918009
2020-09-15 00:35:10 : GuiMain.py
	Info : max_screen : <Map event>
2020-09-15 00:38:03 : GuiCanvas.py
	Info : Monitor info : {'Monitor': (0, 0, 1366, 768), 'Work': (0, 0, 1366, 738), 'Flags': 1, 'Device': '\\\\.\\DISPLAY1'}
2020-09-15 00:38:03 : GuiCanvas.py
	Info : set acc_ra: 0.5402635431918009
2020-09-15 00:38:03 : GuiMain.py
	Info : max_screen : <Map event>
2020-09-15 11:40:10 : GuiCanvas.py
	Info : Monitor info : {'Monitor': (0, 0, 1366, 768), 'Work': (0, 0, 1366, 738), 'Flags': 1, 'Device': '\\\\.\\DISPLAY1'}
2020-09-15 11:40:10 : GuiCanvas.py
	Info : set acc_ra: 0.5402635431918009
2020-09-15 11:40:11 : GuiMain.py
	Info : max_screen : <Map event>
2020-09-15 11:43:56 : GuiCanvas.py
	Info : Monitor info : {'Monitor': (0, 0, 1366, 768), 'Work': (0, 0, 1366, 738), 'Flags': 1, 'Device': '\\\\.\\DISPLAY1'}
2020-09-15 11:43:56 : GuiCanvas.py
	Info : set acc_ra: 0.5402635431918009
2020-09-15 11:43:57 : GuiMain.py
	Info : max_screen : <Map event>
2020-09-15 11:44:07 : GuiMain.py
	Info : close_btn_on_hovering : <Enter event state=Mod1 focus=False x=7 y=26>
2020-09-15 11:44:08 : GuiMain.py
	Info : return_to_normal_state : <Leave event state=Mod1 focus=False x=22 y=-1>
2020-09-15 11:44:08 : GuiMain.py
	Info : close_btn_on_hovering : <Enter event state=Mod1 focus=False x=6 y=1>
2020-09-15 11:44:10 : GuiMain.py
	Info : return_to_normal_state : <Leave event state=Mod1 focus=False x=-3 y=26>
2020-09-15 11:44:10 : GuiMain.py
	Info : mini_btn_on_hovering : <Enter event state=Mod1 focus=False x=18 y=26>
2020-09-15 11:44:10 : GuiMain.py
	Info : return_to_normal_state : <Leave event state=Mod1 focus=False x=17 y=29>
2020-09-15 11:44:25 : GuiMain.py
	Info : mini_btn_on_hovering : <Enter event state=Mod1 focus=False x=3 y=25>
2020-09-15 11:44:32 : GuiMain.py
	Info : mini_screen : <ButtonPress event state=Mod1 num=1 x=11 y=15>
2020-09-15 11:44:32 : GuiMain.py
	Info : return_to_normal_state : <Leave event state=Mod1|Button1 focus=False x=32011 y=32015>
2020-09-15 11:44:32 : GuiMain.py
	Info : return_to_normal_state : <Leave event state=Mod1 focus=False x=31630 y=32202>
2020-09-15 11:45:26 : GuiCanvas.py
	Info : Monitor info : {'Monitor': (0, 0, 1366, 768), 'Work': (0, 0, 1366, 738), 'Flags': 1, 'Device': '\\\\.\\DISPLAY1'}
2020-09-15 11:45:26 : GuiCanvas.py
	Info : set acc_ra: 0.5402635431918009
2020-09-15 11:45:27 : GuiMain.py
	Info : max_screen : <Map event>
2020-09-15 19:53:46 : GuiMain.py
	Info : close_btn_on_hovering : <Enter event state=Mod1 focus=False x=2 y=0>
2020-09-16 13:39:08 : GuiCanvas.py
	Info : Monitor info : {'Monitor': (0, 0, 1366, 768), 'Work': (0, 0, 1366, 738), 'Flags': 1, 'Device': '\\\\.\\DISPLAY1'}
2020-09-16 13:39:08 : GuiCanvas.py
	Info : set acc_ra: 0.5402635431918009
2020-09-16 13:39:09 : GuiMain.py
	Info : max_screen : <Map event>
2020-09-16 13:39:28 : GuiCanvas.py
	Info : Monitor info : {'Monitor': (0, 0, 1366, 768), 'Work': (0, 0, 1366, 738), 'Flags': 1, 'Device': '\\\\.\\DISPLAY1'}
2020-09-16 13:39:28 : GuiCanvas.py
	Info : set acc_ra: 0.5402635431918009
2020-09-16 13:39:28 : GuiMain.py
	Info : max_screen : <Map event>
2020-09-16 13:47:23 : GuiCanvas.py
	Info : Monitor info : {'Monitor': (0, 0, 1366, 768), 'Work': (0, 0, 1366, 738), 'Flags': 1, 'Device': '\\\\.\\DISPLAY1'}
2020-09-16 13:47:23 : GuiCanvas.py
	Info : set acc_ra: 0.5402635431918009
2020-09-16 13:47:24 : GuiMain.py
	Info : max_screen : <Map event>
2020-09-16 13:50:43 : GuiCanvas.py
	Info : Monitor info : {'Monitor': (0, 0, 1366, 768), 'Work': (0, 0, 1366, 738), 'Flags': 1, 'Device': '\\\\.\\DISPLAY1'}
2020-09-16 13:50:43 : GuiCanvas.py
	Info : set acc_ra: 0.5402635431918009
2020-09-16 13:50:43 : GuiMain.py
	Info : max_screen : <Map event>
2020-09-16 13:50:51 : GuiMain.py
	Info : mini_btn_on_hovering : <Enter event state=Mod1 focus=False x=0 y=27>
2020-09-16 13:50:51 : GuiMain.py
	Info : return_to_normal_state : <Leave event state=Mod1 focus=False x=21 y=27>
2020-09-16 13:50:51 : GuiMain.py
	Info : close_btn_on_hovering : <Enter event state=Mod1 focus=False x=0 y=27>
2020-09-16 13:50:51 : GuiMain.py
	Info : return_to_normal_state : <Leave event state=Mod1 focus=False x=-1 y=17>
2020-09-16 13:50:51 : GuiMain.py
	Info : mini_btn_on_hovering : <Enter event state=Mod1 focus=False x=20 y=17>
2020-09-16 13:50:51 : GuiMain.py
	Info : return_to_normal_state : <Leave event state=Mod1 focus=False x=23 y=17>
2020-09-16 13:50:51 : GuiMain.py
	Info : close_btn_on_hovering : <Enter event state=Mod1 focus=False x=2 y=17>
2020-09-16 13:51:05 : GuiCanvas.py
	Info : Monitor info : {'Monitor': (0, 0, 1366, 768), 'Work': (0, 0, 1366, 738), 'Flags': 1, 'Device': '\\\\.\\DISPLAY1'}
2020-09-16 13:51:05 : GuiCanvas.py
	Info : set acc_ra: 0.5402635431918009
2020-09-16 13:51:06 : GuiMain.py
	Info : max_screen : <Map event>
2020-09-16 13:51:10 : GuiMain.py
	Info : close_btn_on_hovering : <Enter event state=Mod1 focus=False x=22 y=2>
2020-09-16 13:51:10 : GuiMain.py
	Info : return_to_normal_state : <Leave event state=Mod1 focus=False x=22 y=-8>
2020-09-16 13:51:10 : GuiMain.py
	Info : close_btn_on_hovering : <Enter event state=Mod1 focus=False x=17 y=1>
2020-09-16 13:52:16 : GuiCanvas.py
	Info : Monitor info : {'Monitor': (0, 0, 1366, 768), 'Work': (0, 0, 1366, 738), 'Flags': 1, 'Device': '\\\\.\\DISPLAY1'}
2020-09-16 13:52:16 : GuiCanvas.py
	Info : set acc_ra: 0.5402635431918009
2020-09-16 13:52:17 : GuiMain.py
	Info : max_screen : <Map event>
2020-09-16 13:54:05 : GuiCanvas.py
	Info : Monitor info : {'Monitor': (0, 0, 1366, 768), 'Work': (0, 0, 1366, 738), 'Flags': 1, 'Device': '\\\\.\\DISPLAY1'}
2020-09-16 13:54:05 : GuiCanvas.py
	Info : set acc_ra: 0.5402635431918009
2020-09-16 13:54:05 : GuiMain.py
	Info : max_screen : <Map event>
2020-09-16 13:56:02 : GuiCanvas.py
	Info : Monitor info : {'Monitor': (0, 0, 1366, 768), 'Work': (0, 0, 1366, 738), 'Flags': 1, 'Device': '\\\\.\\DISPLAY1'}
2020-09-16 13:56:02 : GuiCanvas.py
	Info : set acc_ra: 0.5402635431918009
2020-09-16 13:56:03 : GuiMain.py
	Info : max_screen : <Map event>
2020-09-16 14:04:38 : GuiMain.py
	Info : close_btn_on_hovering : <Enter event state=Mod1 focus=False x=22 y=26>
2020-09-16 14:04:38 : GuiMain.py
	Info : return_to_normal_state : <Leave event state=Mod1 focus=False x=22 y=70>
2020-09-16 16:00:02 : GuiCanvas.py
	Info : Monitor info : {'Monitor': (0, 0, 1366, 768), 'Work': (0, 0, 1366, 738), 'Flags': 1, 'Device': '\\\\.\\DISPLAY1'}
2020-09-16 16:00:02 : GuiCanvas.py
	Info : set acc_ra: 0.5402635431918009
2020-09-16 16:00:03 : GuiMain.py
	Info : max_screen : <Map event>
2020-09-16 16:02:13 : GuiCanvas.py
	Info : Monitor info : {'Monitor': (0, 0, 1366, 768), 'Work': (0, 0, 1366, 738), 'Flags': 1, 'Device': '\\\\.\\DISPLAY1'}
2020-09-16 16:02:13 : GuiCanvas.py
	Info : set acc_ra: 0.5402635431918009
2020-09-16 16:02:13 : GuiMain.py
	Info : max_screen : <Map event>
2020-09-16 16:18:26 : GuiMain.py
	Info : mini_btn_on_hovering : <Enter event state=Mod1 focus=False x=19 y=9>
2020-09-16 16:18:26 : GuiMain.py
	Info : return_to_normal_state : <Leave event state=Mod1 focus=False x=-19 y=36>
2020-09-16 16:19:09 : GuiMain.py
	Info : mini_btn_on_hovering : <Enter event state=Mod1 focus=False x=0 y=13>
2020-09-16 16:19:10 : GuiMain.py
	Info : return_to_normal_state : <Leave event state=Mod1 focus=False x=22 y=13>
2020-09-16 16:19:10 : GuiMain.py
	Info : close_btn_on_hovering : <Enter event state=Mod1 focus=False x=1 y=13>
2020-09-16 17:57:35 : GuiCanvas.py
	Info : Monitor info : {'Monitor': (0, 0, 1366, 768), 'Work': (0, 0, 1366, 738), 'Flags': 1, 'Device': '\\\\.\\DISPLAY1'}
2020-09-16 17:57:35 : GuiCanvas.py
	Info : set acc_ra: 0.5402635431918009
2020-09-16 17:57:37 : GuiMain.py
	Info : max_screen : <Map event>
2020-09-16 20:40:25 : GuiMain.py
	Info : close_btn_on_hovering : <Enter event state=Mod1 focus=False x=22 y=19>
2020-09-16 20:40:25 : GuiMain.py
	Info : return_to_normal_state : <Leave event state=Mod1 focus=False x=22 y=-8>
2020-09-16 20:40:25 : GuiMain.py
	Info : close_btn_on_hovering : <Enter event state=Mod1 focus=False x=18 y=0>
2020-09-21 00:32:40 : GuiCanvas.py
	Info : Monitor info : {'Monitor': (0, 0, 1366, 768), 'Work': (0, 0, 1366, 738), 'Flags': 1, 'Device': '\\\\.\\DISPLAY1'}
2020-09-21 00:32:40 : GuiCanvas.py
	Info : set acc_ra: 0.5402635431918009
2020-09-21 00:32:43 : GuiMain.py
	Info : max_screen : <Map event>
2020-09-21 00:33:55 : GuiCanvas.py
	Info : Monitor info : {'Monitor': (0, 0, 1366, 768), 'Work': (0, 0, 1366, 738), 'Flags': 1, 'Device': '\\\\.\\DISPLAY1'}
2020-09-21 00:33:55 : GuiCanvas.py
	Info : set acc_ra: 0.5402635431918009
2020-09-21 00:33:56 : GuiMain.py
	Info : max_screen : <Map event>
2020-09-21 00:34:43 : GuiMain.py
	Info : mini_btn_on_hovering : <Enter event state=Mod1|Mod3 focus=False x=18 y=1>
2020-09-21 00:34:43 : GuiMain.py
	Info : return_to_normal_state : <Leave event state=Mod1|Mod3 focus=False x=21 y=8>
2020-09-21 00:34:43 : GuiMain.py
	Info : close_btn_on_hovering : <Enter event state=Mod1|Mod3 focus=False x=0 y=8>
2020-09-21 00:39:01 : GuiCanvas.py
	Info : Monitor info : {'Monitor': (0, 0, 1366, 768), 'Work': (0, 0, 1366, 738), 'Flags': 1, 'Device': '\\\\.\\DISPLAY1'}
2020-09-21 00:39:01 : GuiCanvas.py
	Info : set acc_ra: 0.5402635431918009
2020-09-21 00:39:02 : GuiMain.py
	Info : max_screen : <Map event>
2020-09-21 00:39:33 : GuiMain.py
	Info : close_btn_on_hovering : <Enter event state=Mod1|Mod3 focus=False x=11 y=26>
2020-09-22 10:38:46 : GuiCanvas.py
	Info : Monitor info : {'Monitor': (0, 0, 1366, 768), 'Work': (0, 0, 1366, 738), 'Flags': 1, 'Device': '\\\\.\\DISPLAY1'}
2020-09-22 10:38:46 : GuiCanvas.py
	Info : set acc_ra: 0.5402635431918009
2020-09-22 10:38:47 : GuiMain.py
	Info : max_screen : <Map event>
2020-09-22 10:42:14 : GuiMain.py
	Info : mini_btn_on_hovering : <Enter event state=Mod1|Mod3 focus=False x=1 y=21>
2020-09-22 10:42:14 : GuiMain.py
	Info : return_to_normal_state : <Leave event state=Mod1|Mod3 focus=False x=22 y=18>
2020-09-22 10:42:14 : GuiMain.py
	Info : close_btn_on_hovering : <Enter event state=Mod1|Mod3 focus=False x=1 y=18>
2020-09-22 10:42:14 : GuiMain.py
	Info : return_to_normal_state : <Leave event state=Mod1|Mod3 focus=False x=-2 y=14>
2020-09-22 10:42:14 : GuiMain.py
	Info : mini_btn_on_hovering : <Enter event state=Mod1|Mod3 focus=False x=19 y=14>
2020-09-22 10:42:14 : GuiMain.py
	Info : return_to_normal_state : <Leave event state=Mod1|Mod3 focus=False x=-3 y=14>
2020-09-22 10:42:15 : GuiMain.py
	Info : mini_btn_on_hovering : <Enter event state=Mod1|Mod3 focus=False x=0 y=12>
2020-09-22 10:42:21 : GuiMain.py
	Info : return_to_normal_state : <Leave event state=Mod1|Mod3 focus=False x=7 y=12>
2020-09-22 10:46:29 : GuiCanvas.py
	Info : Monitor info : {'Monitor': (0, 0, 1366, 768), 'Work': (0, 0, 1366, 738), 'Flags': 1, 'Device': '\\\\.\\DISPLAY1'}
2020-09-22 10:46:29 : GuiCanvas.py
	Info : set acc_ra: 0.5402635431918009
2020-09-22 10:46:30 : GuiMain.py
	Info : max_screen : <Map event>
2020-09-22 10:48:26 : GuiCanvas.py
	Info : Monitor info : {'Monitor': (0, 0, 1366, 768), 'Work': (0, 0, 1366, 738), 'Flags': 1, 'Device': '\\\\.\\DISPLAY1'}
2020-09-22 10:48:26 : GuiCanvas.py
	Info : set acc_ra: 0.5402635431918009
2020-09-22 10:48:26 : GuiMain.py
	Info : max_screen : <Map event>
2020-09-22 10:50:24 : GuiCanvas.py
	Info : Monitor info : {'Monitor': (0, 0, 1366, 768), 'Work': (0, 0, 1366, 738), 'Flags': 1, 'Device': '\\\\.\\DISPLAY1'}
2020-09-22 10:50:24 : GuiCanvas.py
	Info : set acc_ra: 0.5402635431918009
2020-09-22 10:50:25 : GuiMain.py
	Info : max_screen : <Map event>
2020-09-22 10:53:16 : GuiCanvas.py
	Info : Monitor info : {'Monitor': (0, 0, 1366, 768), 'Work': (0, 0, 1366, 738), 'Flags': 1, 'Device': '\\\\.\\DISPLAY1'}
2020-09-22 10:53:16 : GuiCanvas.py
	Info : set acc_ra: 0.5402635431918009
2020-09-22 10:53:16 : GuiMain.py
	Info : max_screen : <Map event>
2020-09-22 11:05:31 : GuiCanvas.py
	Info : Monitor info : {'Monitor': (0, 0, 1366, 768), 'Work': (0, 0, 1366, 738), 'Flags': 1, 'Device': '\\\\.\\DISPLAY1'}
2020-09-22 11:05:31 : GuiCanvas.py
	Info : set acc_ra: 0.5402635431918009
2020-09-22 11:05:32 : GuiMain.py
	Info : max_screen : <Map event>
2020-09-22 11:05:55 : GuiCanvas.py
	Info : Monitor info : {'Monitor': (0, 0, 1366, 768), 'Work': (0, 0, 1366, 738), 'Flags': 1, 'Device': '\\\\.\\DISPLAY1'}
2020-09-22 11:05:55 : GuiCanvas.py
	Info : set acc_ra: 0.5402635431918009
2020-09-22 11:05:56 : GuiMain.py
	Info : max_screen : <Map event>
2020-09-22 11:06:34 : GuiCanvas.py
	Info : Monitor info : {'Monitor': (0, 0, 1366, 768), 'Work': (0, 0, 1366, 738), 'Flags': 1, 'Device': '\\\\.\\DISPLAY1'}
2020-09-22 11:06:34 : GuiCanvas.py
	Info : set acc_ra: 0.5402635431918009
2020-09-22 11:06:35 : GuiMain.py
	Info : max_screen : <Map event>
2020-09-22 11:12:38 : GuiCanvas.py
	Info : Monitor info : {'Monitor': (0, 0, 1366, 768), 'Work': (0, 0, 1366, 738), 'Flags': 1, 'Device': '\\\\.\\DISPLAY1'}
2020-09-22 11:12:38 : GuiCanvas.py
	Info : set acc_ra: 0.5402635431918009
2020-09-22 11:12:39 : GuiMain.py
	Info : max_screen : <Map event>
2020-09-22 11:13:01 : GuiCanvas.py
	Info : Monitor info : {'Monitor': (0, 0, 1366, 768), 'Work': (0, 0, 1366, 738), 'Flags': 1, 'Device': '\\\\.\\DISPLAY1'}
2020-09-22 11:13:01 : GuiCanvas.py
	Info : set acc_ra: 0.5402635431918009
2020-09-22 11:13:01 : GuiMain.py
	Info : max_screen : <Map event>
2020-09-22 11:14:06 : GuiCanvas.py
	Info : Monitor info : {'Monitor': (0, 0, 1366, 768), 'Work': (0, 0, 1366, 738), 'Flags': 1, 'Device': '\\\\.\\DISPLAY1'}
2020-09-22 11:14:06 : GuiCanvas.py
	Info : set acc_ra: 0.5402635431918009
2020-09-22 11:14:07 : GuiMain.py
	Info : max_screen : <Map event>
2020-09-22 11:15:46 : GuiCanvas.py
	Info : Monitor info : {'Monitor': (0, 0, 1366, 768), 'Work': (0, 0, 1366, 738), 'Flags': 1, 'Device': '\\\\.\\DISPLAY1'}
2020-09-22 11:15:46 : GuiCanvas.py
	Info : set acc_ra: 0.5402635431918009
2020-09-22 11:15:47 : GuiMain.py
	Info : max_screen : <Map event>
2020-09-22 11:18:13 : GuiCanvas.py
	Info : Monitor info : {'Monitor': (0, 0, 1366, 768), 'Work': (0, 0, 1366, 738), 'Flags': 1, 'Device': '\\\\.\\DISPLAY1'}
2020-09-22 11:18:13 : GuiCanvas.py
	Info : set acc_ra: 0.5402635431918009
2020-09-22 11:18:13 : GuiMain.py
	Info : max_screen : <Map event>
2020-09-22 11:19:04 : GuiCanvas.py
	Info : Monitor info : {'Monitor': (0, 0, 1366, 768), 'Work': (0, 0, 1366, 738), 'Flags': 1, 'Device': '\\\\.\\DISPLAY1'}
2020-09-22 11:19:04 : GuiCanvas.py
	Info : set acc_ra: 0.5402635431918009
2020-09-22 11:19:05 : GuiMain.py
	Info : max_screen : <Map event>
2020-09-22 11:28:01 : GuiMain.py
	Info : close_btn_on_hovering : <Enter event state=Mod1|Mod3 focus=False x=15 y=0>
2020-09-22 11:28:01 : GuiMain.py
	Info : return_to_normal_state : <Leave event state=Mod1|Mod3 focus=False x=-2 y=21>
2020-09-22 11:28:01 : GuiMain.py
	Info : mini_btn_on_hovering : <Enter event state=Mod1|Mod3 focus=False x=19 y=21>
2020-09-22 11:28:01 : GuiMain.py
	Info : return_to_normal_state : <Leave event state=Mod1|Mod3 focus=False x=8 y=29>
2020-09-22 11:28:02 : GuiMain.py
	Info : close_btn_on_hovering : <Enter event state=Mod1|Mod3 focus=False x=22 y=1>
2020-09-22 15:50:23 : GuiCanvas.py
	Info : Monitor info : {'Monitor': (0, 0, 1366, 768), 'Work': (0, 0, 1366, 738), 'Flags': 1, 'Device': '\\\\.\\DISPLAY1'}
2020-09-22 15:50:23 : GuiCanvas.py
	Info : set acc_ra: 0.5402635431918009
2020-09-22 15:50:24 : GuiMain.py
	Info : max_screen : <Map event>
2020-09-22 15:56:09 : GuiCanvas.py
	Info : Monitor info : {'Monitor': (0, 0, 1366, 768), 'Work': (0, 0, 1366, 738), 'Flags': 1, 'Device': '\\\\.\\DISPLAY1'}
2020-09-22 15:56:09 : GuiCanvas.py
	Info : set acc_ra: 0.5402635431918009
2020-09-22 15:56:09 : GuiMain.py
	Info : max_screen : <Map event>
2020-09-22 15:56:32 : GuiCanvas.py
	Info : Monitor info : {'Monitor': (0, 0, 1366, 768), 'Work': (0, 0, 1366, 738), 'Flags': 1, 'Device': '\\\\.\\DISPLAY1'}
2020-09-22 15:56:32 : GuiCanvas.py
	Info : set acc_ra: 0.5402635431918009
2020-09-22 15:56:33 : GuiMain.py
	Info : max_screen : <Map event>
2020-09-22 16:04:20 : GuiCanvas.py
	Info : Monitor info : {'Monitor': (0, 0, 1366, 768), 'Work': (0, 0, 1366, 738), 'Flags': 1, 'Device': '\\\\.\\DISPLAY1'}
2020-09-22 16:04:20 : GuiCanvas.py
	Info : set acc_ra: 0.5402635431918009
2020-09-22 16:04:21 : GuiMain.py
	Info : max_screen : <Map event>
2020-09-22 16:05:31 : GuiCanvas.py
	Info : Monitor info : {'Monitor': (0, 0, 1366, 768), 'Work': (0, 0, 1366, 738), 'Flags': 1, 'Device': '\\\\.\\DISPLAY1'}
2020-09-22 16:05:31 : GuiCanvas.py
	Info : set acc_ra: 0.5402635431918009
2020-09-22 16:05:32 : GuiMain.py
	Info : max_screen : <Map event>
2020-09-22 16:19:13 : GuiMain.py
	Info : close_btn_on_hovering : <Enter event state=Mod1 focus=False x=22 y=5>
2020-09-22 16:44:27 : GuiCanvas.py
	Info : Monitor info : {'Monitor': (0, 0, 1366, 768), 'Work': (0, 0, 1366, 738), 'Flags': 1, 'Device': '\\\\.\\DISPLAY1'}
2020-09-22 16:44:27 : GuiCanvas.py
	Info : set acc_ra: 0.5402635431918009
2020-09-22 16:44:28 : GuiMain.py
	Info : max_screen : <Map event>
2020-09-22 16:45:17 : GuiCanvas.py
	Info : Monitor info : {'Monitor': (0, 0, 1366, 768), 'Work': (0, 0, 1366, 738), 'Flags': 1, 'Device': '\\\\.\\DISPLAY1'}
2020-09-22 16:45:17 : GuiCanvas.py
	Info : set acc_ra: 0.5402635431918009
2020-09-22 16:45:17 : GuiMain.py
	Info : max_screen : <Map event>
2020-09-22 16:47:12 : GuiMain.py
	Info : mini_btn_on_hovering : <Enter event state=Mod1 focus=False x=16 y=27>
2020-09-22 16:47:12 : GuiMain.py
	Info : return_to_normal_state : <Leave event state=Mod1 focus=False x=23 y=22>
2020-09-22 16:47:12 : GuiMain.py
	Info : close_btn_on_hovering : <Enter event state=Mod1 focus=False x=2 y=22>
2020-09-22 16:55:39 : GuiCanvas.py
	Info : Monitor info : {'Monitor': (0, 0, 1366, 768), 'Work': (0, 0, 1366, 738), 'Flags': 1, 'Device': '\\\\.\\DISPLAY1'}
2020-09-22 16:55:39 : GuiCanvas.py
	Info : set acc_ra: 0.5402635431918009
2020-09-22 16:55:40 : GuiMain.py
	Info : max_screen : <Map event>
2020-09-22 16:58:43 : GuiCanvas.py
	Info : Monitor info : {'Monitor': (0, 0, 1366, 768), 'Work': (0, 0, 1366, 738), 'Flags': 1, 'Device': '\\\\.\\DISPLAY1'}
2020-09-22 16:58:43 : GuiCanvas.py
	Info : set acc_ra: 0.5402635431918009
2020-09-22 16:58:44 : GuiMain.py
	Info : max_screen : <Map event>
2020-09-22 17:00:25 : GuiMain.py
	Info : mini_btn_on_hovering : <Enter event state=Mod1 focus=False x=1 y=26>
2020-09-22 17:00:25 : GuiMain.py
	Info : return_to_normal_state : <Leave event state=Mod1 focus=False x=22 y=17>
2020-09-22 17:00:25 : GuiMain.py
	Info : close_btn_on_hovering : <Enter event state=Mod1 focus=False x=1 y=17>
2020-09-22 17:05:49 : GuiCanvas.py
	Info : Monitor info : {'Monitor': (0, 0, 1366, 768), 'Work': (0, 0, 1366, 738), 'Flags': 1, 'Device': '\\\\.\\DISPLAY1'}
2020-09-22 17:05:49 : GuiCanvas.py
	Info : set acc_ra: 0.5402635431918009
2020-09-22 17:05:50 : GuiMain.py
	Info : max_screen : <Map event>
2020-09-22 17:06:30 : GuiCanvas.py
	Info : Monitor info : {'Monitor': (0, 0, 1366, 768), 'Work': (0, 0, 1366, 738), 'Flags': 1, 'Device': '\\\\.\\DISPLAY1'}
2020-09-22 17:06:30 : GuiCanvas.py
	Info : set acc_ra: 0.5402635431918009
2020-09-22 17:06:31 : GuiMain.py
	Info : max_screen : <Map event>
2020-09-22 17:08:56 : GuiCanvas.py
	Info : Monitor info : {'Monitor': (0, 0, 1366, 768), 'Work': (0, 0, 1366, 738), 'Flags': 1, 'Device': '\\\\.\\DISPLAY1'}
2020-09-22 17:08:56 : GuiCanvas.py
	Info : set acc_ra: 0.5402635431918009
2020-09-22 17:08:57 : GuiMain.py
	Info : max_screen : <Map event>
2020-09-22 17:10:47 : GuiCanvas.py
	Info : Monitor info : {'Monitor': (0, 0, 1366, 768), 'Work': (0, 0, 1366, 738), 'Flags': 1, 'Device': '\\\\.\\DISPLAY1'}
2020-09-22 17:10:47 : GuiCanvas.py
	Info : set acc_ra: 0.5402635431918009
2020-09-22 17:10:47 : GuiMain.py
	Info : max_screen : <Map event>
2020-09-22 17:11:45 : GuiCanvas.py
	Info : Monitor info : {'Monitor': (0, 0, 1366, 768), 'Work': (0, 0, 1366, 738), 'Flags': 1, 'Device': '\\\\.\\DISPLAY1'}
2020-09-22 17:11:45 : GuiCanvas.py
	Info : set acc_ra: 0.5402635431918009
2020-09-22 17:11:46 : GuiMain.py
	Info : max_screen : <Map event>
2020-09-22 17:13:31 : GuiMain.py
	Info : close_btn_on_hovering : <Enter event state=Mod1 focus=False x=13 y=14>
2020-09-22 17:13:31 : GuiMain.py
	Info : return_to_normal_state : <Leave event state=Mod1 focus=False x=5 y=28>
2020-09-22 17:20:31 : GuiCanvas.py
	Info : Monitor info : {'Monitor': (0, 0, 1366, 768), 'Work': (0, 0, 1366, 738), 'Flags': 1, 'Device': '\\\\.\\DISPLAY1'}
2020-09-22 17:20:31 : GuiCanvas.py
	Info : set acc_ra: 0.5402635431918009
2020-09-22 17:20:32 : GuiMain.py
	Info : max_screen : <Map event>
2020-09-22 17:25:40 : GuiCanvas.py
	Info : Monitor info : {'Monitor': (0, 0, 1366, 768), 'Work': (0, 0, 1366, 738), 'Flags': 1, 'Device': '\\\\.\\DISPLAY1'}
2020-09-22 17:25:40 : GuiCanvas.py
	Info : set acc_ra: 0.5402635431918009
2020-09-22 17:25:40 : GuiMain.py
	Info : max_screen : <Map event>
2020-09-22 17:26:56 : GuiMain.py
	Info : mini_btn_on_hovering : <Enter event state=Mod1 focus=False x=1 y=20>
2020-09-22 17:26:56 : GuiMain.py
	Info : return_to_normal_state : <Leave event state=Mod1 focus=False x=21 y=20>
2020-09-22 17:26:56 : GuiMain.py
	Info : close_btn_on_hovering : <Enter event state=Mod1 focus=False x=0 y=20>
2020-09-22 17:27:50 : GuiCanvas.py
	Info : Monitor info : {'Monitor': (0, 0, 1366, 768), 'Work': (0, 0, 1366, 738), 'Flags': 1, 'Device': '\\\\.\\DISPLAY1'}
2020-09-22 17:27:50 : GuiCanvas.py
	Info : set acc_ra: 0.5402635431918009
2020-09-22 17:27:50 : GuiMain.py
	Info : max_screen : <Map event>
2020-09-22 17:28:27 : GuiMain.py
	Info : mini_btn_on_hovering : <Enter event state=Mod1 focus=False x=15 y=27>
2020-09-22 17:28:27 : GuiMain.py
	Info : return_to_normal_state : <Leave event state=Mod1 focus=False x=23 y=23>
2020-09-22 17:28:27 : GuiMain.py
	Info : close_btn_on_hovering : <Enter event state=Mod1 focus=False x=2 y=23>
2020-09-23 11:24:14 : GuiCanvas.py
	Info : Monitor info : {'Monitor': (0, 0, 1366, 768), 'Work': (0, 0, 1366, 738), 'Flags': 1, 'Device': '\\\\.\\DISPLAY1'}
2020-09-23 11:24:14 : GuiCanvas.py
	Info : set acc_ra: 0.5402635431918009
2020-09-23 11:24:22 : GuiMain.py
	Info : max_screen : <Map event>
2020-09-23 11:24:32 : GuiMain.py
	Info : mini_btn_on_hovering : <Enter event state=Mod1|Mod3 focus=False x=1 y=16>
2020-09-23 11:24:32 : GuiMain.py
	Info : return_to_normal_state : <Leave event state=Mod1|Mod3 focus=False x=21 y=16>
2020-09-23 11:24:32 : GuiMain.py
	Info : close_btn_on_hovering : <Enter event state=Mod1|Mod3 focus=False x=0 y=16>
2020-09-23 11:26:43 : GuiCanvas.py
	Info : Monitor info : {'Monitor': (0, 0, 1366, 768), 'Work': (0, 0, 1366, 738), 'Flags': 1, 'Device': '\\\\.\\DISPLAY1'}
2020-09-23 11:26:43 : GuiCanvas.py
	Info : set acc_ra: 0.5402635431918009
2020-09-23 11:26:43 : GuiMain.py
	Info : max_screen : <Map event>
2020-09-23 11:29:24 : GuiCanvas.py
	Info : Monitor info : {'Monitor': (0, 0, 1366, 768), 'Work': (0, 0, 1366, 738), 'Flags': 1, 'Device': '\\\\.\\DISPLAY1'}
2020-09-23 11:29:24 : GuiCanvas.py
	Info : set acc_ra: 0.5402635431918009
2020-09-23 11:29:25 : GuiMain.py
	Info : max_screen : <Map event>
2020-09-23 11:29:51 : GuiCanvas.py
	Info : Monitor info : {'Monitor': (0, 0, 1366, 768), 'Work': (0, 0, 1366, 738), 'Flags': 1, 'Device': '\\\\.\\DISPLAY1'}
2020-09-23 11:29:51 : GuiCanvas.py
	Info : set acc_ra: 0.5402635431918009
2020-09-23 11:29:52 : GuiMain.py
	Info : max_screen : <Map event>
2020-09-23 11:31:09 : GuiMain.py
	Info : close_btn_on_hovering : <Enter event state=Mod1|Mod3 focus=False x=22 y=11>
2020-09-23 11:31:09 : GuiMain.py
	Info : return_to_normal_state : <Leave event state=Mod1|Mod3 focus=False x=-6 y=9>
2020-09-23 11:31:09 : GuiMain.py
	Info : mini_btn_on_hovering : <Enter event state=Mod1|Mod3 focus=False x=15 y=9>
2020-09-23 11:31:09 : GuiMain.py
	Info : return_to_normal_state : <Leave event state=Mod1|Mod3 focus=False x=-5 y=9>
2020-09-23 11:31:09 : GuiMain.py
	Info : mini_btn_on_hovering : <Enter event state=Mod1|Mod3 focus=False x=2 y=11>
2020-09-23 11:31:10 : GuiMain.py
	Info : return_to_normal_state : <Leave event state=Mod1|Mod3 focus=False x=21 y=21>
2020-09-23 11:31:10 : GuiMain.py
	Info : close_btn_on_hovering : <Enter event state=Mod1|Mod3 focus=False x=0 y=21>
2020-09-23 11:31:13 : GuiCanvas.py
	Info : Monitor info : {'Monitor': (0, 0, 1366, 768), 'Work': (0, 0, 1366, 738), 'Flags': 1, 'Device': '\\\\.\\DISPLAY1'}
2020-09-23 11:31:13 : GuiCanvas.py
	Info : set acc_ra: 0.5402635431918009
2020-09-23 11:31:14 : GuiMain.py
	Info : max_screen : <Map event>
2020-09-23 11:33:33 : GuiMain.py
	Info : mini_btn_on_hovering : <Enter event state=Mod1|Mod3 focus=False x=1 y=4>
2020-09-23 11:33:33 : GuiMain.py
	Info : return_to_normal_state : <Leave event state=Mod1|Mod3 focus=False x=21 y=-8>
2020-09-23 11:33:33 : GuiMain.py
	Info : close_btn_on_hovering : <Enter event state=Mod1|Mod3 focus=False x=15 y=0>
2020-09-23 11:33:33 : GuiMain.py
	Info : return_to_normal_state : <Leave event state=Mod1|Mod3 focus=False x=-2 y=21>
2020-09-23 11:33:33 : GuiMain.py
	Info : mini_btn_on_hovering : <Enter event state=Mod1|Mod3 focus=False x=19 y=21>
2020-09-23 11:33:33 : GuiMain.py
	Info : return_to_normal_state : <Leave event state=Mod1|Mod3 focus=False x=12 y=30>
2020-09-23 11:33:33 : GuiMain.py
	Info : close_btn_on_hovering : <Enter event state=Mod1|Mod3 focus=False x=11 y=26>
2020-09-23 11:37:56 : GuiCanvas.py
	Info : Monitor info : {'Monitor': (0, 0, 1366, 768), 'Work': (0, 0, 1366, 738), 'Flags': 1, 'Device': '\\\\.\\DISPLAY1'}
2020-09-23 11:37:56 : GuiCanvas.py
	Info : set acc_ra: 0.5402635431918009
2020-09-23 11:37:57 : GuiMain.py
	Info : max_screen : <Map event>
2020-09-23 11:38:12 : GuiCanvas.py
	Info : Monitor info : {'Monitor': (0, 0, 1366, 768), 'Work': (0, 0, 1366, 738), 'Flags': 1, 'Device': '\\\\.\\DISPLAY1'}
2020-09-23 11:38:12 : GuiCanvas.py
	Info : set acc_ra: 0.5402635431918009
2020-09-23 11:38:12 : GuiMain.py
	Info : max_screen : <Map event>
2020-09-23 11:38:42 : GuiCanvas.py
	Info : Monitor info : {'Monitor': (0, 0, 1366, 768), 'Work': (0, 0, 1366, 738), 'Flags': 1, 'Device': '\\\\.\\DISPLAY1'}
2020-09-23 11:38:42 : GuiCanvas.py
	Info : set acc_ra: 0.5402635431918009
2020-09-23 11:38:43 : GuiMain.py
	Info : max_screen : <Map event>
2020-09-23 11:39:37 : GuiCanvas.py
	Info : Monitor info : {'Monitor': (0, 0, 1366, 768), 'Work': (0, 0, 1366, 738), 'Flags': 1, 'Device': '\\\\.\\DISPLAY1'}
2020-09-23 11:39:37 : GuiCanvas.py
	Info : set acc_ra: 0.5402635431918009
2020-09-23 11:39:37 : GuiMain.py
	Info : max_screen : <Map event>
2020-09-23 11:39:52 : GuiMain.py
	Info : mini_btn_on_hovering : <Enter event state=Mod1|Mod3 focus=False x=0 y=19>
2020-09-23 11:39:52 : GuiMain.py
	Info : mini_screen : <ButtonPress event state=Mod1|Mod3 num=1 x=11 y=19>
2020-09-23 11:39:52 : GuiMain.py
	Info : return_to_normal_state : <Leave event state=Mod1|Mod3|Button1 focus=False x=31957 y=32046>
2020-09-23 11:39:52 : GuiMain.py
	Info : return_to_normal_state : <Leave event state=Mod1|Mod3 focus=False x=31957 y=32046>
2020-09-23 11:46:42 : GuiMain.py
	Info : max_screen : <Map event>
2020-09-23 11:46:43 : GuiMain.py
	Info : mini_btn_on_hovering : <Enter event state=Mod1|Mod3 focus=False x=18 y=27>
2020-09-23 11:46:43 : GuiMain.py
	Info : return_to_normal_state : <Leave event state=Mod1|Mod3 focus=False x=21 y=18>
2020-09-23 11:46:43 : GuiMain.py
	Info : close_btn_on_hovering : <Enter event state=Mod1|Mod3 focus=False x=0 y=18>
2020-09-23 11:46:49 : GuiCanvas.py
	Info : Monitor info : {'Monitor': (0, 0, 1366, 768), 'Work': (0, 0, 1366, 738), 'Flags': 1, 'Device': '\\\\.\\DISPLAY1'}
2020-09-23 11:46:49 : GuiCanvas.py
	Info : set acc_ra: 0.5402635431918009
2020-09-23 11:46:49 : GuiMain.py
	Info : max_screen : <Map event>
2020-09-23 15:06:29 : GuiCanvas.py
	Info : Monitor info : {'Monitor': (0, 0, 1366, 768), 'Work': (0, 0, 1366, 738), 'Flags': 1, 'Device': '\\\\.\\DISPLAY1'}
2020-09-23 15:06:29 : GuiCanvas.py
	Info : set acc_ra: 0.5402635431918009
2020-09-23 15:07:19 : GuiCanvas.py
	Info : Monitor info : {'Monitor': (0, 0, 1366, 768), 'Work': (0, 0, 1366, 738), 'Flags': 1, 'Device': '\\\\.\\DISPLAY1'}
2020-09-23 15:07:19 : GuiCanvas.py
	Info : set acc_ra: 0.5402635431918009
2020-09-23 15:07:20 : GuiMain.py
	Info : max_screen : <Map event>
2020-09-23 15:07:21 : GuiMain.py
	Info : close_btn_on_hovering : <Enter event state=Mod1|Mod3 focus=False x=20 y=0>
2020-09-23 15:14:48 : GuiCanvas.py
	Info : Monitor info : {'Monitor': (0, 0, 1366, 768), 'Work': (0, 0, 1366, 738), 'Flags': 1, 'Device': '\\\\.\\DISPLAY1'}
2020-09-23 15:14:48 : GuiCanvas.py
	Info : set acc_ra: 0.5402635431918009
2020-09-23 15:14:49 : GuiMain.py
	Info : max_screen : <Map event>
2020-09-23 15:15:09 : GuiMain.py
	Info : mini_btn_on_hovering : <Enter event state=Mod1|Mod3 focus=False x=15 y=24>
2020-09-23 15:15:09 : GuiMain.py
	Info : return_to_normal_state : <Leave event state=Mod1|Mod3 focus=False x=19 y=-1>
2020-09-23 15:15:11 : GuiMain.py
	Info : close_btn_on_hovering : <Enter event state=Mod1|Mod3 focus=False x=2 y=27>
2020-09-23 15:20:50 : GuiCanvas.py
	Info : Monitor info : {'Monitor': (0, 0, 1366, 768), 'Work': (0, 0, 1366, 738), 'Flags': 1, 'Device': '\\\\.\\DISPLAY1'}
2020-09-23 15:20:50 : GuiCanvas.py
	Info : set acc_ra: 0.5402635431918009
2020-09-23 15:20:50 : GuiMain.py
	Info : max_screen : <Map event>
2020-09-23 15:21:40 : GuiMain.py
	Info : mini_btn_on_hovering : <Enter event state=Mod1|Mod3 focus=False x=5 y=3>
2020-09-23 15:21:40 : GuiMain.py
	Info : return_to_normal_state : <Leave event state=Mod1|Mod3 focus=False x=-3 y=8>
2020-09-23 15:21:41 : GuiMain.py
	Info : mini_btn_on_hovering : <Enter event state=Mod1|Mod3 focus=False x=0 y=14>
2020-09-23 15:21:41 : GuiMain.py
	Info : mini_screen : <ButtonPress event state=Mod1|Mod3 num=1 x=9 y=11>
2020-09-23 15:21:41 : GuiMain.py
	Info : return_to_normal_state : <Leave event state=Mod1|Mod3|Button1 focus=False x=31770 y=32175>
2020-09-23 15:21:41 : GuiMain.py
	Info : return_to_normal_state : <Leave event state=Mod1|Mod3 focus=False x=31770 y=32175>
2020-09-23 15:22:17 : GuiCanvas.py
	Info : Monitor info : {'Monitor': (0, 0, 1366, 768), 'Work': (0, 0, 1366, 738), 'Flags': 1, 'Device': '\\\\.\\DISPLAY1'}
2020-09-23 15:22:17 : GuiCanvas.py
	Info : set acc_ra: 0.5402635431918009
2020-09-23 15:22:18 : GuiMain.py
	Info : max_screen : <Map event>
2020-09-23 15:22:26 : GuiMain.py
	Info : mini_btn_on_hovering : <Enter event state=Mod1|Mod3 focus=False x=0 y=22>
2020-09-23 15:22:27 : GuiMain.py
	Info : mini_screen : <ButtonPress event state=Mod1|Mod3 num=1 x=15 y=7>
2020-09-23 15:22:27 : GuiMain.py
	Info : return_to_normal_state : <Leave event state=Mod1|Mod3|Button1 focus=False x=32008 y=32009>
2020-09-23 15:22:27 : GuiMain.py
	Info : return_to_normal_state : <Leave event state=Mod1|Mod3 focus=False x=32008 y=32009>
2020-09-23 16:07:16 : GuiCanvas.py
	Info : Monitor info : {'Monitor': (0, 0, 1366, 768), 'Work': (0, 0, 1366, 738), 'Flags': 1, 'Device': '\\\\.\\DISPLAY1'}
2020-09-23 16:07:16 : GuiCanvas.py
	Info : set acc_ra: 0.5402635431918009
2020-09-23 16:07:17 : GuiMain.py
	Info : max_screen : <Map event>
2020-09-23 16:07:23 : GuiMain.py
	Info : mini_btn_on_hovering : <Enter event state=Mod1|Mod3 focus=False x=0 y=16>
2020-09-23 16:07:25 : GuiMain.py
	Info : mini_screen : <ButtonPress event state=Mod1|Mod3 num=1 x=6 y=17>
2020-09-23 16:07:25 : GuiMain.py
	Info : return_to_normal_state : <Leave event state=Mod1|Mod3|Button1 focus=False x=32006 y=32017>
2020-09-23 16:07:25 : GuiMain.py
	Info : return_to_normal_state : <Leave event state=Mod1|Mod3 focus=False x=32006 y=32017>
2020-09-23 16:07:32 : GuiCanvas.py
	Info : Monitor info : {'Monitor': (0, 0, 1366, 768), 'Work': (0, 0, 1366, 738), 'Flags': 1, 'Device': '\\\\.\\DISPLAY1'}
2020-09-23 16:07:32 : GuiCanvas.py
	Info : set acc_ra: 0.5402635431918009
2020-09-23 16:07:33 : GuiMain.py
	Info : max_screen : <Map event>
2020-09-23 16:07:48 : GuiMain.py
	Info : close_btn_on_hovering : <Enter event state=Mod1|Mod3 focus=False x=22 y=16>
2020-09-23 16:07:48 : GuiMain.py
	Info : return_to_normal_state : <Leave event state=Mod1|Mod3 focus=False x=22 y=-7>
2020-09-23 16:07:49 : GuiMain.py
	Info : mini_btn_on_hovering : <Enter event state=Mod1|Mod3 focus=False x=13 y=0>
2020-09-23 16:07:49 : GuiMain.py
	Info : mini_screen : <ButtonPress event state=Mod1|Mod3 num=1 x=11 y=7>
2020-09-23 16:07:49 : GuiMain.py
	Info : return_to_normal_state : <Leave event state=Mod1|Mod3|Button1 focus=False x=32006 y=32012>
2020-09-23 16:07:49 : GuiMain.py
	Info : return_to_normal_state : <Leave event state=Mod1|Mod3 focus=False x=32006 y=32012>
2020-09-23 16:09:12 : GuiCanvas.py
	Info : Monitor info : {'Monitor': (0, 0, 1366, 768), 'Work': (0, 0, 1366, 738), 'Flags': 1, 'Device': '\\\\.\\DISPLAY1'}
2020-09-23 16:09:12 : GuiCanvas.py
	Info : set acc_ra: 0.5402635431918009
2020-09-23 16:09:13 : GuiMain.py
	Info : max_screen : <Map event>
2020-09-23 16:09:26 : GuiMain.py
	Info : close_btn_on_hovering : <Enter event state=Mod1|Mod3 focus=False x=22 y=0>
2020-09-23 16:09:41 : GuiCanvas.py
	Info : Monitor info : {'Monitor': (0, 0, 1366, 768), 'Work': (0, 0, 1366, 738), 'Flags': 1, 'Device': '\\\\.\\DISPLAY1'}
2020-09-23 16:09:41 : GuiCanvas.py
	Info : set acc_ra: 0.5402635431918009
2020-09-23 16:09:41 : GuiMain.py
	Info : max_screen : <Map event>
2020-09-23 16:10:49 : GuiMain.py
	Info : mini_btn_on_hovering : <Enter event state=Mod1|Mod3 focus=False x=17 y=3>
2020-09-23 16:10:49 : GuiMain.py
	Info : return_to_normal_state : <Leave event state=Mod1|Mod3 focus=False x=36 y=-8>
2020-09-23 16:10:49 : GuiMain.py
	Info : close_btn_on_hovering : <Enter event state=Mod1|Mod3 focus=False x=20 y=1>
2020-10-30 14:02:07 : GuiCanvas.py
	Info : Monitor info : {'Monitor': (0, 0, 1366, 768), 'Work': (0, 0, 1366, 738), 'Flags': 1, 'Device': '\\\\.\\DISPLAY1'}
2020-10-30 14:02:07 : GuiCanvas.py
	Info : set acc_ra: 0.5402635431918009
2020-10-30 14:02:10 : GuiMain.py
	Info : max_screen : <Map event>
2020-10-30 14:02:42 : GuiCanvas.py
	Info : Monitor info : {'Monitor': (0, 0, 1366, 768), 'Work': (0, 0, 1366, 738), 'Flags': 1, 'Device': '\\\\.\\DISPLAY1'}
2020-10-30 14:02:42 : GuiCanvas.py
	Info : set acc_ra: 0.5402635431918009
2020-10-30 14:02:43 : GuiMain.py
	Info : max_screen : <Map event>
2020-10-30 14:04:25 : GuiCanvas.py
	Info : Monitor info : {'Monitor': (0, 0, 1366, 768), 'Work': (0, 0, 1366, 738), 'Flags': 1, 'Device': '\\\\.\\DISPLAY1'}
2020-10-30 14:04:25 : GuiCanvas.py
	Info : set acc_ra: 0.5402635431918009
2020-10-30 14:04:26 : GuiMain.py
	Info : max_screen : <Map event>
2020-10-30 14:07:30 : GuiCanvas.py
	Info : Monitor info : {'Monitor': (0, 0, 1366, 768), 'Work': (0, 0, 1366, 738), 'Flags': 1, 'Device': '\\\\.\\DISPLAY1'}
2020-10-30 14:07:30 : GuiCanvas.py
	Info : set acc_ra: 0.5402635431918009
2020-10-30 14:07:31 : GuiMain.py
	Info : max_screen : <Map event>
2020-10-30 14:09:05 : GuiCanvas.py
	Info : Monitor info : {'Monitor': (0, 0, 1366, 768), 'Work': (0, 0, 1366, 738), 'Flags': 1, 'Device': '\\\\.\\DISPLAY1'}
2020-10-30 14:09:05 : GuiCanvas.py
	Info : set acc_ra: 0.5402635431918009
2020-10-30 14:09:06 : GuiMain.py
	Info : max_screen : <Map event>
2020-10-30 14:11:23 : GuiCanvas.py
	Info : Monitor info : {'Monitor': (0, 0, 1366, 768), 'Work': (0, 0, 1366, 738), 'Flags': 1, 'Device': '\\\\.\\DISPLAY1'}
2020-10-30 14:11:23 : GuiCanvas.py
	Info : set acc_ra: 0.5402635431918009
2020-10-30 14:11:23 : GuiMain.py
	Info : max_screen : <Map event>
2020-10-30 14:11:27 : GuiMain.py
	Info : close_btn_on_hovering : <Enter event state=Mod1|Mod3 focus=False x=1 y=27>
2020-10-30 14:11:27 : GuiMain.py
	Info : return_to_normal_state : <Leave event state=Mod1|Mod3 focus=False x=7 y=-2>
2020-10-30 14:11:27 : GuiMain.py
	Info : mini_btn_on_hovering : <Enter event state=Mod1|Mod3 focus=False x=15 y=0>
2020-10-30 14:11:28 : GuiMain.py
	Info : return_to_normal_state : <Leave event state=Mod1|Mod3 focus=False x=-2 y=12>
2020-10-30 14:11:28 : GuiMain.py
	Info : mini_btn_on_hovering : <Enter event state=Mod1|Mod3 focus=False x=1 y=16>
2020-10-30 14:11:28 : GuiMain.py
	Info : return_to_normal_state : <Leave event state=Mod1|Mod3 focus=False x=6 y=28>
2020-10-30 14:11:29 : GuiMain.py
	Info : mini_btn_on_hovering : <Enter event state=Mod1|Mod3 focus=False x=5 y=27>
2020-10-30 14:11:29 : GuiMain.py
	Info : mini_screen : <ButtonPress event state=Mod1|Mod3 num=1 x=7 y=13>
2020-10-30 14:11:29 : GuiMain.py
	Info : return_to_normal_state : <Leave event state=Mod1|Mod3|Button1 focus=False x=31930 y=32067>
2020-10-30 14:11:29 : GuiMain.py
	Info : return_to_normal_state : <Leave event state=Mod1|Mod3 focus=False x=31930 y=32067>
2020-10-30 14:12:27 : GuiCanvas.py
	Info : Monitor info : {'Monitor': (0, 0, 1366, 768), 'Work': (0, 0, 1366, 738), 'Flags': 1, 'Device': '\\\\.\\DISPLAY1'}
2020-10-30 14:12:27 : GuiCanvas.py
	Info : set acc_ra: 0.5402635431918009
2020-10-30 14:12:28 : GuiMain.py
	Info : max_screen : <Map event>
2020-10-30 14:12:56 : GuiMain.py
	Info : mini_btn_on_hovering : <Enter event state=Mod1|Mod3 focus=False x=0 y=8>
2020-10-30 14:12:56 : GuiMain.py
	Info : mini_screen : <ButtonPress event state=Mod1|Mod3 num=1 x=6 y=16>
2020-10-30 14:12:56 : GuiMain.py
	Info : return_to_normal_state : <Leave event state=Mod1|Mod3|Button1 focus=False x=32002 y=32028>
2020-10-30 14:12:56 : GuiMain.py
	Info : return_to_normal_state : <Leave event state=Mod1|Mod3 focus=False x=32002 y=32028>
2020-10-30 14:13:01 : GuiMain.py
	Info : max_screen : <Map event>
2020-10-30 14:14:26 : GuiCanvas.py
	Info : Monitor info : {'Monitor': (0, 0, 1366, 768), 'Work': (0, 0, 1366, 738), 'Flags': 1, 'Device': '\\\\.\\DISPLAY1'}
2020-10-30 14:14:26 : GuiCanvas.py
	Info : set acc_ra: 0.5402635431918009
2020-10-30 14:14:27 : GuiMain.py
	Info : max_screen : <Map event>
2020-10-30 14:14:29 : GuiMain.py
	Info : mini_btn_on_hovering : <Enter event state=Mod1|Mod3 focus=False x=13 y=24>
2020-10-30 14:14:29 : GuiMain.py
	Info : return_to_normal_state : <Leave event state=Mod1|Mod3 focus=False x=22 y=21>
2020-10-30 14:14:29 : GuiMain.py
	Info : close_btn_on_hovering : <Enter event state=Mod1|Mod3 focus=False x=1 y=21>
2020-10-30 14:14:29 : GuiMain.py
	Info : return_to_normal_state : <Leave event state=Mod1|Mod3 focus=False x=-1 y=13>
2020-10-30 14:14:29 : GuiMain.py
	Info : mini_btn_on_hovering : <Enter event state=Mod1|Mod3 focus=False x=20 y=13>
2020-10-30 14:14:29 : GuiMain.py
	Info : mini_screen : <ButtonPress event state=Mod1|Mod3 num=1 x=4 y=10>
2020-10-30 14:14:29 : GuiMain.py
	Info : return_to_normal_state : <Leave event state=Mod1|Mod3|Button1 focus=False x=32002 y=32010>
2020-10-30 14:14:29 : GuiMain.py
	Info : return_to_normal_state : <Leave event state=Mod1|Mod3 focus=False x=32002 y=32010>
2020-10-30 14:14:43 : GuiCanvas.py
	Info : Monitor info : {'Monitor': (0, 0, 1366, 768), 'Work': (0, 0, 1366, 738), 'Flags': 1, 'Device': '\\\\.\\DISPLAY1'}
2020-10-30 14:14:43 : GuiCanvas.py
	Info : set acc_ra: 0.5402635431918009
2020-10-30 14:14:44 : GuiMain.py
	Info : max_screen : <Map event>
2020-10-30 14:14:48 : GuiMain.py
	Info : mini_btn_on_hovering : <Enter event state=Mod1|Mod3 focus=False x=16 y=27>
2020-10-30 14:14:48 : GuiMain.py
	Info : mini_screen : <ButtonPress event state=Mod1|Mod3 num=1 x=10 y=13>
2020-10-30 14:14:48 : GuiMain.py
	Info : return_to_normal_state : <Leave event state=Mod1|Mod3|Button1 focus=False x=31991 y=32081>
2020-10-30 14:14:48 : GuiMain.py
	Info : return_to_normal_state : <Leave event state=Mod1|Mod3 focus=False x=31991 y=32081>
2020-10-30 14:38:43 : GuiCanvas.py
	Info : Monitor info : {'Monitor': (0, 0, 1366, 768), 'Work': (0, 0, 1366, 738), 'Flags': 1, 'Device': '\\\\.\\DISPLAY1'}
2020-10-30 14:38:43 : GuiCanvas.py
	Info : set acc_ra: 0.5402635431918009
2020-10-30 14:38:46 : GuiMain.py
	Info : max_screen : <Map event>
2020-10-30 14:38:51 : GuiMain.py
	Info : mini_btn_on_hovering : <Enter event state=Mod1|Mod3 focus=False x=0 y=15>
2020-10-30 14:38:51 : GuiMain.py
	Info : mini_screen : <ButtonPress event state=Mod1|Mod3 num=1 x=2 y=11>
2020-10-30 14:38:51 : GuiMain.py
	Info : return_to_normal_state : <Leave event state=Mod1|Mod3|Button1 focus=False x=31990 y=32022>
2020-10-30 14:38:51 : GuiMain.py
	Info : return_to_normal_state : <Leave event state=Mod1|Mod3 focus=False x=31990 y=32022>
2020-10-30 17:07:12 : GuiCanvas.py
	Info : Monitor info : {'Monitor': (0, 0, 1366, 768), 'Work': (0, 0, 1366, 738), 'Flags': 1, 'Device': '\\\\.\\DISPLAY1'}
2020-10-30 17:07:12 : GuiCanvas.py
	Info : set acc_ra: 0.5402635431918009
2020-10-30 17:07:13 : GuiMain.py
	Info : max_screen : <Map event>
2020-10-30 17:07:19 : GuiMain.py
	Info : mini_btn_on_hovering : <Enter event state=Mod1 focus=False x=0 y=22>
2020-10-30 17:07:20 : GuiMain.py
	Info : mini_screen : <ButtonPress event state=Mod1 num=1 x=9 y=19>
2020-10-30 17:07:21 : GuiMain.py
	Info : return_to_normal_state : <Leave event state=Mod1|Button1 focus=False x=32009 y=32019>
2020-10-30 17:07:21 : GuiMain.py
	Info : return_to_normal_state : <Leave event state=Mod1 focus=False x=31855 y=32116>
2020-10-30 17:09:43 : GuiCanvas.py
	Info : Monitor info : {'Monitor': (0, 0, 1366, 768), 'Work': (0, 0, 1366, 738), 'Flags': 1, 'Device': '\\\\.\\DISPLAY1'}
2020-10-30 17:09:43 : GuiCanvas.py
	Info : set acc_ra: 0.5402635431918009
2020-10-30 17:09:44 : GuiMain.py
	Info : max_screen : <Map event>
2020-10-30 17:25:29 : GuiMain.py
	Info : close_btn_on_hovering : <Enter event state=Mod1|Mod3 focus=False x=22 y=5>
2020-10-30 17:25:29 : GuiMain.py
	Info : return_to_normal_state : <Leave event state=Mod1|Mod3 focus=False x=22 y=36>
2020-10-30 17:26:59 : GuiMain.py
	Info : close_btn_on_hovering : <Enter event state=Mod1|Mod3 focus=False x=2 y=22>
2020-10-30 17:26:59 : GuiMain.py
	Info : return_to_normal_state : <Leave event state=Mod1|Mod3 focus=False x=21 y=-8>
2020-10-30 17:26:59 : GuiMain.py
	Info : close_btn_on_hovering : <Enter event state=Mod1|Mod3 focus=False x=16 y=3>
2020-10-30 17:27:01 : GuiCanvas.py
	Info : Monitor info : {'Monitor': (0, 0, 1366, 768), 'Work': (0, 0, 1366, 738), 'Flags': 1, 'Device': '\\\\.\\DISPLAY1'}
2020-10-30 17:27:01 : GuiCanvas.py
	Info : set acc_ra: 0.5402635431918009
2020-10-30 17:27:02 : GuiMain.py
	Info : max_screen : <Map event>
2020-10-30 19:38:15 : GuiMain.py
	Info : mini_btn_on_hovering : <Enter event state=Mod1|Mod3 focus=False x=1 y=14>
2020-10-30 19:38:16 : GuiMain.py
	Info : return_to_normal_state : <Leave event state=Mod1|Mod3 focus=False x=21 y=10>
2020-10-30 19:38:16 : GuiMain.py
	Info : close_btn_on_hovering : <Enter event state=Mod1|Mod3 focus=False x=0 y=10>
2020-10-30 21:40:46 : GuiCanvas.py
	Info : Monitor info : {'Monitor': (0, 0, 1366, 768), 'Work': (0, 0, 1366, 738), 'Flags': 1, 'Device': '\\\\.\\DISPLAY1'}
2020-10-30 21:40:46 : GuiCanvas.py
	Info : set acc_ra: 0.5402635431918009
2020-10-30 21:40:47 : GuiMain.py
	Info : max_screen : <Map event>
2020-10-30 21:41:06 : GuiMain.py
	Info : close_btn_on_hovering : <Enter event state=Mod1|Mod3 focus=False x=8 y=23>
2020-10-30 21:42:09 : GuiCanvas.py
	Info : Monitor info : {'Monitor': (0, 0, 1366, 768), 'Work': (0, 0, 1366, 738), 'Flags': 1, 'Device': '\\\\.\\DISPLAY1'}
2020-10-30 21:42:09 : GuiCanvas.py
	Info : set acc_ra: 0.5402635431918009
2020-10-30 21:42:09 : GuiMain.py
	Info : max_screen : <Map event>
2020-10-30 21:42:17 : GuiMain.py
	Info : mini_btn_on_hovering : <Enter event state=Mod1|Mod3 focus=False x=18 y=11>
2020-10-30 21:42:17 : GuiMain.py
	Info : return_to_normal_state : <Leave event state=Mod1|Mod3 focus=False x=21 y=13>
2020-10-30 21:42:17 : GuiMain.py
	Info : close_btn_on_hovering : <Enter event state=Mod1|Mod3 focus=False x=0 y=13>
2020-10-30 21:42:25 : GuiCanvas.py
	Info : Monitor info : {'Monitor': (0, 0, 1366, 768), 'Work': (0, 0, 1366, 738), 'Flags': 1, 'Device': '\\\\.\\DISPLAY1'}
2020-10-30 21:42:25 : GuiCanvas.py
	Info : set acc_ra: 0.5402635431918009
2020-10-30 21:42:26 : GuiMain.py
	Info : max_screen : <Map event>
2020-10-30 21:42:33 : GuiMain.py
	Info : close_btn_on_hovering : <Enter event state=Mod1|Mod3 focus=False x=5 y=1>
2020-10-30 21:42:43 : GuiCanvas.py
	Info : Monitor info : {'Monitor': (0, 0, 1366, 768), 'Work': (0, 0, 1366, 738), 'Flags': 1, 'Device': '\\\\.\\DISPLAY1'}
2020-10-30 21:42:43 : GuiCanvas.py
	Info : set acc_ra: 0.5402635431918009
2020-10-30 21:42:43 : GuiMain.py
	Info : max_screen : <Map event>
2020-10-30 21:42:49 : GuiMain.py
	Info : close_btn_on_hovering : <Enter event state=Mod1|Mod3 focus=False x=10 y=8>
2020-10-30 21:42:54 : GuiCanvas.py
	Info : Monitor info : {'Monitor': (0, 0, 1366, 768), 'Work': (0, 0, 1366, 738), 'Flags': 1, 'Device': '\\\\.\\DISPLAY1'}
2020-10-30 21:42:54 : GuiCanvas.py
	Info : set acc_ra: 0.5402635431918009
2020-10-30 21:42:55 : GuiMain.py
	Info : max_screen : <Map event>
2020-10-30 21:43:02 : GuiMain.py
	Info : close_btn_on_hovering : <Enter event state=Mod1|Mod3 focus=False x=8 y=3>
2020-10-30 21:44:03 : GuiCanvas.py
	Info : Monitor info : {'Monitor': (0, 0, 1366, 768), 'Work': (0, 0, 1366, 738), 'Flags': 1, 'Device': '\\\\.\\DISPLAY1'}
2020-10-30 21:44:03 : GuiCanvas.py
	Info : set acc_ra: 0.5402635431918009
2020-10-30 21:44:04 : GuiMain.py
	Info : max_screen : <Map event>
2020-10-30 21:44:18 : GuiMain.py
	Info : close_btn_on_hovering : <Enter event state=Mod1|Mod3 focus=False x=14 y=26>
2020-10-30 21:44:49 : GuiCanvas.py
	Info : Monitor info : {'Monitor': (0, 0, 1366, 768), 'Work': (0, 0, 1366, 738), 'Flags': 1, 'Device': '\\\\.\\DISPLAY1'}
2020-10-30 21:44:49 : GuiCanvas.py
	Info : set acc_ra: 0.5402635431918009
2020-10-30 21:44:49 : GuiMain.py
	Info : max_screen : <Map event>
2020-10-30 21:45:04 : GuiMain.py
	Info : mini_btn_on_hovering : <Enter event state=Mod1|Mod3 focus=False x=19 y=26>
2020-10-30 21:45:04 : GuiMain.py
	Info : return_to_normal_state : <Leave event state=Mod1|Mod3 focus=False x=21 y=24>
2020-10-30 21:45:04 : GuiMain.py
	Info : close_btn_on_hovering : <Enter event state=Mod1|Mod3 focus=False x=0 y=24>
2020-10-30 21:45:33 : GuiCanvas.py
	Info : Monitor info : {'Monitor': (0, 0, 1366, 768), 'Work': (0, 0, 1366, 738), 'Flags': 1, 'Device': '\\\\.\\DISPLAY1'}
2020-10-30 21:45:33 : GuiCanvas.py
	Info : set acc_ra: 0.5402635431918009
2020-10-30 21:45:34 : GuiMain.py
	Info : max_screen : <Map event>
2020-10-30 21:46:10 : GuiMain.py
	Info : mini_btn_on_hovering : <Enter event state=Mod1|Mod3 focus=False x=13 y=27>
2020-10-30 21:46:10 : GuiMain.py
	Info : return_to_normal_state : <Leave event state=Mod1|Mod3 focus=False x=31 y=17>
2020-10-30 21:46:10 : GuiMain.py
	Info : close_btn_on_hovering : <Enter event state=Mod1|Mod3 focus=False x=10 y=17>
2020-10-30 21:46:11 : GuiMain.py
	Info : return_to_normal_state : <Leave event state=Mod1|Mod3 focus=False x=22 y=-1>
2020-10-30 21:46:11 : GuiMain.py
	Info : close_btn_on_hovering : <Enter event state=Mod1|Mod3 focus=False x=22 y=0>
2020-10-30 21:50:33 : GuiCanvas.py
	Info : Monitor info : {'Monitor': (0, 0, 1366, 768), 'Work': (0, 0, 1366, 738), 'Flags': 1, 'Device': '\\\\.\\DISPLAY1'}
2020-10-30 21:50:33 : GuiCanvas.py
	Info : set acc_ra: 0.5402635431918009
2020-10-30 21:50:37 : GuiMain.py
	Info : max_screen : <Map event>
2020-10-30 21:50:38 : GuiMain.py
	Info : mini_btn_on_hovering : <Enter event state=Mod1|Mod3 focus=False x=4 y=13>
2020-10-30 21:50:38 : GuiMain.py
	Info : return_to_normal_state : <Leave event state=Mod1|Mod3 focus=False x=24 y=13>
2020-10-30 21:50:38 : GuiMain.py
	Info : close_btn_on_hovering : <Enter event state=Mod1|Mod3 focus=False x=3 y=13>
2020-10-30 21:51:49 : GuiCanvas.py
	Info : Monitor info : {'Monitor': (0, 0, 1366, 768), 'Work': (0, 0, 1366, 738), 'Flags': 1, 'Device': '\\\\.\\DISPLAY1'}
2020-10-30 21:51:49 : GuiCanvas.py
	Info : set acc_ra: 0.5402635431918009
2020-10-30 21:51:58 : GuiMain.py
	Info : max_screen : <Map event>
2020-10-30 21:52:00 : GuiMain.py
	Info : close_btn_on_hovering : <Enter event state=Mod1|Mod3 focus=False x=7 y=27>
2020-10-30 21:56:21 : GuiCanvas.py
	Info : Monitor info : {'Monitor': (0, 0, 1366, 768), 'Work': (0, 0, 1366, 738), 'Flags': 1, 'Device': '\\\\.\\DISPLAY1'}
2020-10-30 21:56:21 : GuiCanvas.py
	Info : set acc_ra: 0.5402635431918009
2020-10-30 21:56:26 : GuiMain.py
	Info : max_screen : <Map event>
2020-10-30 21:56:50 : GuiMain.py
	Info : close_btn_on_hovering : <Enter event state=Mod1|Mod3 focus=False x=9 y=27>
2020-10-30 21:57:43 : GuiCanvas.py
	Info : Monitor info : {'Monitor': (0, 0, 1366, 768), 'Work': (0, 0, 1366, 738), 'Flags': 1, 'Device': '\\\\.\\DISPLAY1'}
2020-10-30 21:57:43 : GuiCanvas.py
	Info : set acc_ra: 0.5402635431918009
2020-10-30 21:57:51 : GuiMain.py
	Info : max_screen : <Map event>
2020-10-30 21:58:39 : GuiMain.py
	Info : mini_btn_on_hovering : <Enter event state=Mod1|Mod3 focus=False x=6 y=26>
2020-10-30 21:58:39 : GuiMain.py
	Info : return_to_normal_state : <Leave event state=Mod1|Mod3 focus=False x=21 y=22>
2020-10-30 21:58:39 : GuiMain.py
	Info : close_btn_on_hovering : <Enter event state=Mod1|Mod3 focus=False x=0 y=22>
2020-10-30 22:00:12 : GuiCanvas.py
	Info : Monitor info : {'Monitor': (0, 0, 1366, 768), 'Work': (0, 0, 1366, 738), 'Flags': 1, 'Device': '\\\\.\\DISPLAY1'}
2020-10-30 22:00:12 : GuiCanvas.py
	Info : set acc_ra: 0.5402635431918009
2020-10-30 22:00:26 : GuiCanvas.py
	Info : Monitor info : {'Monitor': (0, 0, 1366, 768), 'Work': (0, 0, 1366, 738), 'Flags': 1, 'Device': '\\\\.\\DISPLAY1'}
2020-10-30 22:00:26 : GuiCanvas.py
	Info : set acc_ra: 0.5402635431918009
2020-10-30 22:00:33 : GuiMain.py
	Info : max_screen : <Map event>
2020-10-30 22:01:34 : GuiMain.py
	Info : close_btn_on_hovering : <Enter event state=Mod1|Mod3 focus=False x=22 y=4>
2020-10-30 22:01:34 : GuiMain.py
	Info : return_to_normal_state : <Leave event state=Mod1|Mod3 focus=False x=22 y=-8>
2020-10-30 22:01:34 : GuiMain.py
	Info : close_btn_on_hovering : <Enter event state=Mod1|Mod3 focus=False x=5 y=1>
2020-10-30 22:31:34 : GuiCanvas.py
	Info : Monitor info : {'Monitor': (0, 0, 1366, 768), 'Work': (0, 0, 1366, 738), 'Flags': 1, 'Device': '\\\\.\\DISPLAY1'}
2020-10-30 22:31:34 : GuiCanvas.py
	Info : set acc_ra: 0.5402635431918009
2020-10-30 22:31:53 : GuiMain.py
	Info : max_screen : <Map event>
2020-10-30 22:33:08 : GuiMain.py
	Info : close_btn_on_hovering : <Enter event state=Mod1|Mod3 focus=False x=0 y=27>
2020-10-30 22:39:27 : GuiCanvas.py
	Info : Monitor info : {'Monitor': (0, 0, 1366, 768), 'Work': (0, 0, 1366, 738), 'Flags': 1, 'Device': '\\\\.\\DISPLAY1'}
2020-10-30 22:39:27 : GuiCanvas.py
	Info : set acc_ra: 0.5402635431918009
2020-10-30 22:39:33 : GuiMain.py
	Info : max_screen : <Map event>
2020-10-30 22:40:14 : GuiMain.py
	Info : mini_btn_on_hovering : <Enter event state=Mod1|Mod3 focus=False x=11 y=21>
2020-10-30 22:40:14 : GuiMain.py
	Info : return_to_normal_state : <Leave event state=Mod1|Mod3 focus=False x=20 y=-8>
2020-10-30 22:40:15 : GuiMain.py
	Info : close_btn_on_hovering : <Enter event state=Mod1|Mod3 focus=False x=22 y=1>
2020-10-30 23:14:42 : GuiCanvas.py
	Info : Monitor info : {'Monitor': (0, 0, 1366, 768), 'Work': (0, 0, 1366, 738), 'Flags': 1, 'Device': '\\\\.\\DISPLAY1'}
2020-10-30 23:14:42 : GuiCanvas.py
	Info : set acc_ra: 0.5402635431918009
2020-10-30 23:14:48 : GuiMain.py
	Info : max_screen : <Map event>
2020-10-30 23:15:20 : GuiCanvas.py
	Info : Monitor info : {'Monitor': (0, 0, 1366, 768), 'Work': (0, 0, 1366, 738), 'Flags': 1, 'Device': '\\\\.\\DISPLAY1'}
2020-10-30 23:15:20 : GuiCanvas.py
	Info : set acc_ra: 0.5402635431918009
2020-10-30 23:15:26 : GuiMain.py
	Info : max_screen : <Map event>
2020-10-30 23:17:07 : GuiMain.py
	Info : mini_btn_on_hovering : <Enter event state=Mod1|Mod3 focus=False x=0 y=19>
2020-10-30 23:17:07 : GuiMain.py
	Info : return_to_normal_state : <Leave event state=Mod1|Mod3 focus=False x=22 y=22>
2020-10-30 23:17:07 : GuiMain.py
	Info : close_btn_on_hovering : <Enter event state=Mod1|Mod3 focus=False x=1 y=22>
2020-10-30 23:18:24 : GuiCanvas.py
	Info : Monitor info : {'Monitor': (0, 0, 1366, 768), 'Work': (0, 0, 1366, 738), 'Flags': 1, 'Device': '\\\\.\\DISPLAY1'}
2020-10-30 23:18:24 : GuiCanvas.py
	Info : set acc_ra: 0.5402635431918009
2020-10-30 23:18:30 : GuiMain.py
	Info : max_screen : <Map event>
2020-10-30 23:19:41 : GuiMain.py
	Info : mini_btn_on_hovering : <Enter event state=Mod1|Mod3 focus=False x=7 y=25>
2020-10-30 23:19:41 : GuiMain.py
	Info : return_to_normal_state : <Leave event state=Mod1|Mod3 focus=False x=18 y=-1>
2020-10-30 23:19:41 : GuiMain.py
	Info : close_btn_on_hovering : <Enter event state=Mod1|Mod3 focus=False x=22 y=1>
2020-10-30 23:24:05 : GuiCanvas.py
	Info : Monitor info : {'Monitor': (0, 0, 1366, 768), 'Work': (0, 0, 1366, 738), 'Flags': 1, 'Device': '\\\\.\\DISPLAY1'}
2020-10-30 23:24:05 : GuiCanvas.py
	Info : set acc_ra: 0.5402635431918009
2020-10-30 23:24:11 : GuiMain.py
	Info : max_screen : <Map event>
2020-10-31 00:33:28 : GuiCanvas.py
	Info : Monitor info : {'Monitor': (0, 0, 1366, 768), 'Work': (0, 0, 1366, 738), 'Flags': 1, 'Device': '\\\\.\\DISPLAY1'}
2020-10-31 00:33:28 : GuiCanvas.py
	Info : set acc_ra: 0.5402635431918009
2020-10-31 00:33:34 : GuiMain.py
	Info : max_screen : <Map event>
2020-10-31 00:33:37 : GuiMain.py
	Info : mini_btn_on_hovering : <Enter event state=Mod1|Mod3 focus=False x=0 y=14>
2020-10-31 00:33:38 : GuiMain.py
	Info : mini_screen : <ButtonPress event state=Mod1|Mod3 num=1 x=8 y=16>
2020-10-31 00:33:38 : GuiMain.py
	Info : return_to_normal_state : <Leave event state=Mod1|Mod3|Button1 focus=False x=32008 y=32016>
2020-10-31 00:33:38 : GuiMain.py
	Info : return_to_normal_state : <Leave event state=Mod1|Mod3 focus=False x=32008 y=32016>
2020-10-31 00:33:45 : GuiMain.py
	Info : max_screen : <Map event>
2020-10-31 00:33:49 : GuiMain.py
	Info : mini_btn_on_hovering : <Enter event state=Mod1|Mod3 focus=False x=0 y=10>
2020-10-31 00:33:50 : GuiMain.py
	Info : mini_screen : <ButtonPress event state=Mod1|Mod3 num=1 x=6 y=13>
2020-10-31 00:33:50 : GuiMain.py
	Info : return_to_normal_state : <Leave event state=Mod1|Mod3|Button1 focus=False x=32001 y=32024>
2020-10-31 00:33:50 : GuiMain.py
	Info : return_to_normal_state : <Leave event state=Mod1|Mod3 focus=False x=32001 y=32024>
2020-10-31 00:34:23 : GuiCanvas.py
	Info : Monitor info : {'Monitor': (0, 0, 1366, 768), 'Work': (0, 0, 1366, 738), 'Flags': 1, 'Device': '\\\\.\\DISPLAY1'}
2020-10-31 00:34:23 : GuiCanvas.py
	Info : set acc_ra: 0.5402635431918009
2020-10-31 00:34:29 : GuiMain.py
	Info : max_screen : <Map event>
2020-10-31 00:39:37 : GuiCanvas.py
	Info : Monitor info : {'Monitor': (0, 0, 1366, 768), 'Work': (0, 0, 1366, 738), 'Flags': 1, 'Device': '\\\\.\\DISPLAY1'}
2020-10-31 00:39:37 : GuiCanvas.py
	Info : set acc_ra: 0.5402635431918009
2020-10-31 00:39:43 : GuiMain.py
	Info : max_screen : <Map event>
2020-10-31 00:40:24 : GuiCanvas.py
	Info : Monitor info : {'Monitor': (0, 0, 1366, 768), 'Work': (0, 0, 1366, 738), 'Flags': 1, 'Device': '\\\\.\\DISPLAY1'}
2020-10-31 00:40:24 : GuiCanvas.py
	Info : set acc_ra: 0.5402635431918009
2020-10-31 00:40:30 : GuiMain.py
	Info : max_screen : <Map event>
2020-10-31 00:42:21 : GuiCanvas.py
	Info : Monitor info : {'Monitor': (0, 0, 1366, 768), 'Work': (0, 0, 1366, 738), 'Flags': 1, 'Device': '\\\\.\\DISPLAY1'}
2020-10-31 00:42:21 : GuiCanvas.py
	Info : set acc_ra: 0.5402635431918009
2020-10-31 00:42:27 : GuiMain.py
	Info : max_screen : <Map event>
2020-10-31 00:45:49 : GuiCanvas.py
	Info : Monitor info : {'Monitor': (0, 0, 1366, 768), 'Work': (0, 0, 1366, 738), 'Flags': 1, 'Device': '\\\\.\\DISPLAY1'}
2020-10-31 00:45:49 : GuiCanvas.py
	Info : set acc_ra: 0.5402635431918009
2020-10-31 00:45:55 : GuiMain.py
	Info : max_screen : <Map event>
2020-10-31 00:48:02 : GuiCanvas.py
	Info : Monitor info : {'Monitor': (0, 0, 1366, 768), 'Work': (0, 0, 1366, 738), 'Flags': 1, 'Device': '\\\\.\\DISPLAY1'}
2020-10-31 00:48:02 : GuiCanvas.py
	Info : set acc_ra: 0.5402635431918009
2020-10-31 00:48:08 : GuiMain.py
	Info : max_screen : <Map event>
2020-10-31 00:52:04 : GuiCanvas.py
	Info : Monitor info : {'Monitor': (0, 0, 1366, 768), 'Work': (0, 0, 1366, 738), 'Flags': 1, 'Device': '\\\\.\\DISPLAY1'}
2020-10-31 00:52:04 : GuiCanvas.py
	Info : set acc_ra: 0.5402635431918009
2020-10-31 00:52:10 : GuiMain.py
	Info : max_screen : <Map event>
2020-10-31 01:14:25 : GuiCanvas.py
	Info : Monitor info : {'Monitor': (0, 0, 1366, 768), 'Work': (0, 0, 1366, 738), 'Flags': 1, 'Device': '\\\\.\\DISPLAY1'}
2020-10-31 01:14:25 : GuiCanvas.py
	Info : set acc_ra: 0.5402635431918009
2020-10-31 01:14:31 : GuiMain.py
	Info : max_screen : <Map event>
2020-10-31 01:17:28 : GuiCanvas.py
	Info : Monitor info : {'Monitor': (0, 0, 1366, 768), 'Work': (0, 0, 1366, 738), 'Flags': 1, 'Device': '\\\\.\\DISPLAY1'}
2020-10-31 01:17:28 : GuiCanvas.py
	Info : set acc_ra: 0.5402635431918009
2020-10-31 01:17:34 : GuiMain.py
	Info : max_screen : <Map event>
2020-10-31 01:20:33 : GuiCanvas.py
	Info : Monitor info : {'Monitor': (0, 0, 1366, 768), 'Work': (0, 0, 1366, 738), 'Flags': 1, 'Device': '\\\\.\\DISPLAY1'}
2020-10-31 01:20:33 : GuiCanvas.py
	Info : set acc_ra: 0.5402635431918009
2020-10-31 01:20:39 : GuiMain.py
	Info : max_screen : <Map event>
2020-10-31 01:29:52 : GuiCanvas.py
	Info : Monitor info : {'Monitor': (0, 0, 1366, 768), 'Work': (0, 0, 1366, 738), 'Flags': 1, 'Device': '\\\\.\\DISPLAY1'}
2020-10-31 01:29:52 : GuiCanvas.py
	Info : set acc_ra: 0.5402635431918009
2020-10-31 01:29:58 : GuiMain.py
	Info : max_screen : <Map event>
2020-10-31 01:29:59 : GuiMain.py
	Info : close_btn_on_hovering : <Enter event state=Mod1|Mod3 focus=False x=22 y=0>
2020-10-31 01:30:06 : GuiCanvas.py
	Info : Monitor info : {'Monitor': (0, 0, 1366, 768), 'Work': (0, 0, 1366, 738), 'Flags': 1, 'Device': '\\\\.\\DISPLAY1'}
2020-10-31 01:30:06 : GuiCanvas.py
	Info : set acc_ra: 0.5402635431918009
2020-10-31 01:30:11 : GuiMain.py
	Info : max_screen : <Map event>
2020-10-31 01:30:40 : GuiCanvas.py
	Info : Monitor info : {'Monitor': (0, 0, 1366, 768), 'Work': (0, 0, 1366, 738), 'Flags': 1, 'Device': '\\\\.\\DISPLAY1'}
2020-10-31 01:30:40 : GuiCanvas.py
	Info : set acc_ra: 0.5402635431918009
2020-10-31 01:30:45 : GuiMain.py
	Info : max_screen : <Map event>
2020-10-31 01:32:43 : GuiCanvas.py
	Info : Monitor info : {'Monitor': (0, 0, 1366, 768), 'Work': (0, 0, 1366, 738), 'Flags': 1, 'Device': '\\\\.\\DISPLAY1'}
2020-10-31 01:32:43 : GuiCanvas.py
	Info : set acc_ra: 0.5402635431918009
2020-10-31 01:32:48 : GuiMain.py
	Info : max_screen : <Map event>
2020-10-31 01:33:24 : GuiCanvas.py
	Info : Monitor info : {'Monitor': (0, 0, 1366, 768), 'Work': (0, 0, 1366, 738), 'Flags': 1, 'Device': '\\\\.\\DISPLAY1'}
2020-10-31 01:33:24 : GuiCanvas.py
	Info : set acc_ra: 0.5402635431918009
2020-10-31 01:33:30 : GuiMain.py
	Info : max_screen : <Map event>
2020-10-31 01:34:09 : GuiMain.py
	Info : mini_btn_on_hovering : <Enter event state=Mod1|Mod3 focus=False x=3 y=0>
2020-10-31 01:34:09 : GuiMain.py
	Info : return_to_normal_state : <Leave event state=Mod1|Mod3 focus=False x=21 y=10>
2020-10-31 01:34:09 : GuiMain.py
	Info : close_btn_on_hovering : <Enter event state=Mod1|Mod3 focus=False x=0 y=10>
2020-10-31 01:35:19 : GuiCanvas.py
	Info : Monitor info : {'Monitor': (0, 0, 1366, 768), 'Work': (0, 0, 1366, 738), 'Flags': 1, 'Device': '\\\\.\\DISPLAY1'}
2020-10-31 01:35:19 : GuiCanvas.py
	Info : set acc_ra: 0.5402635431918009
2020-10-31 01:35:24 : GuiMain.py
	Info : max_screen : <Map event>
2020-10-31 01:35:26 : GuiMain.py
	Info : close_btn_on_hovering : <Enter event state=Mod1|Mod3 focus=False x=22 y=27>
2020-10-31 01:35:32 : GuiCanvas.py
	Info : Monitor info : {'Monitor': (0, 0, 1366, 768), 'Work': (0, 0, 1366, 738), 'Flags': 1, 'Device': '\\\\.\\DISPLAY1'}
2020-10-31 01:35:32 : GuiCanvas.py
	Info : set acc_ra: 0.5402635431918009
2020-10-31 01:35:37 : GuiMain.py
	Info : max_screen : <Map event>
2020-10-31 01:35:57 : GuiMain.py
	Info : mini_btn_on_hovering : <Enter event state=Mod1|Mod3 focus=False x=11 y=16>
2020-10-31 01:35:57 : GuiMain.py
	Info : mini_screen : <ButtonPress event state=Mod1|Mod3 num=1 x=11 y=16>
2020-10-31 01:35:57 : GuiMain.py
	Info : return_to_normal_state : <Leave event state=Mod1|Mod3|Button1 focus=False x=32011 y=32016>
2020-10-31 01:35:57 : GuiMain.py
	Info : return_to_normal_state : <Leave event state=Mod1|Mod3 focus=False x=32011 y=32016>
2020-10-31 01:35:59 : GuiMain.py
	Info : max_screen : <Map event>
2020-10-31 01:36:11 : GuiMain.py
	Info : mini_btn_on_hovering : <Enter event state=Mod1|Mod3 focus=False x=1 y=25>
2020-10-31 01:36:11 : GuiMain.py
	Info : return_to_normal_state : <Leave event state=Mod1|Mod3 focus=False x=23 y=21>
2020-10-31 01:36:11 : GuiMain.py
	Info : close_btn_on_hovering : <Enter event state=Mod1|Mod3 focus=False x=2 y=21>
2020-10-31 01:37:18 : GuiCanvas.py
	Info : Monitor info : {'Monitor': (0, 0, 1366, 768), 'Work': (0, 0, 1366, 738), 'Flags': 1, 'Device': '\\\\.\\DISPLAY1'}
2020-10-31 01:37:18 : GuiCanvas.py
	Info : set acc_ra: 0.5402635431918009
2020-10-31 01:37:23 : GuiMain.py
	Info : max_screen : <Map event>
2020-10-31 01:38:16 : GuiMain.py
	Info : close_btn_on_hovering : <Enter event state=Mod1|Mod3 focus=False x=22 y=17>
2020-10-31 01:38:17 : GuiMain.py
	Info : return_to_normal_state : <Leave event state=Mod1|Mod3 focus=False x=0 y=31>
2020-10-31 01:38:19 : GuiMain.py
	Info : mini_btn_on_hovering : <Enter event state=Mod1|Mod3 focus=False x=0 y=22>
2020-10-31 01:38:19 : GuiMain.py
	Info : return_to_normal_state : <Leave event state=Mod1|Mod3 focus=False x=22 y=16>
2020-10-31 01:38:19 : GuiMain.py
	Info : close_btn_on_hovering : <Enter event state=Mod1|Mod3 focus=False x=1 y=16>
2020-10-31 01:49:18 : GuiCanvas.py
	Info : Monitor info : {'Monitor': (0, 0, 1366, 768), 'Work': (0, 0, 1366, 738), 'Flags': 1, 'Device': '\\\\.\\DISPLAY1'}
2020-10-31 01:49:18 : GuiCanvas.py
	Info : set acc_ra: 0.5402635431918009
2020-10-31 01:49:24 : GuiMain.py
	Info : max_screen : <Map event>
2020-10-31 01:49:28 : GuiMain.py
	Info : mini_btn_on_hovering : <Enter event state=Mod1|Mod3 focus=False x=15 y=4>
2020-10-31 01:49:28 : GuiMain.py
	Info : return_to_normal_state : <Leave event state=Mod1|Mod3 focus=False x=21 y=8>
2020-10-31 01:49:28 : GuiMain.py
	Info : close_btn_on_hovering : <Enter event state=Mod1|Mod3 focus=False x=0 y=8>
2020-10-31 01:49:31 : GuiMain.py
	Info : return_to_normal_state : <Leave event state=Mod1|Mod3 focus=False x=18 y=29>
2020-10-31 01:50:38 : GuiMain.py
	Info : mini_btn_on_hovering : <Enter event state=Mod1|Mod3 focus=False x=12 y=27>
2020-10-31 01:50:38 : GuiMain.py
	Info : return_to_normal_state : <Leave event state=Mod1|Mod3 focus=False x=21 y=22>
2020-10-31 01:50:38 : GuiMain.py
	Info : close_btn_on_hovering : <Enter event state=Mod1|Mod3 focus=False x=0 y=22>
2020-10-31 01:56:52 : GuiCanvas.py
	Info : Monitor info : {'Monitor': (0, 0, 1366, 768), 'Work': (0, 0, 1366, 738), 'Flags': 1, 'Device': '\\\\.\\DISPLAY1'}
2020-10-31 01:56:52 : GuiCanvas.py
	Info : set acc_ra: 0.5402635431918009
2020-10-31 01:56:58 : GuiMain.py
	Info : max_screen : <Map event>
2020-10-31 01:58:31 : GuiCanvas.py
	Info : Monitor info : {'Monitor': (0, 0, 1366, 768), 'Work': (0, 0, 1366, 738), 'Flags': 1, 'Device': '\\\\.\\DISPLAY1'}
2020-10-31 01:58:31 : GuiCanvas.py
	Info : set acc_ra: 0.5402635431918009
2020-10-31 01:58:37 : GuiMain.py
	Info : max_screen : <Map event>
2020-10-31 02:00:51 : GuiCanvas.py
	Info : Monitor info : {'Monitor': (0, 0, 1366, 768), 'Work': (0, 0, 1366, 738), 'Flags': 1, 'Device': '\\\\.\\DISPLAY1'}
2020-10-31 02:00:51 : GuiCanvas.py
	Info : set acc_ra: 0.5402635431918009
2020-10-31 02:00:57 : GuiMain.py
	Info : max_screen : <Map event>
2020-10-31 02:01:16 : GuiCanvas.py
	Info : Monitor info : {'Monitor': (0, 0, 1366, 768), 'Work': (0, 0, 1366, 738), 'Flags': 1, 'Device': '\\\\.\\DISPLAY1'}
2020-10-31 02:01:16 : GuiCanvas.py
	Info : set acc_ra: 0.5402635431918009
2020-10-31 02:01:22 : GuiMain.py
	Info : max_screen : <Map event>
2020-10-31 02:06:16 : GuiCanvas.py
	Info : Monitor info : {'Monitor': (0, 0, 1366, 768), 'Work': (0, 0, 1366, 738), 'Flags': 1, 'Device': '\\\\.\\DISPLAY1'}
2020-10-31 02:06:16 : GuiCanvas.py
	Info : set acc_ra: 0.5402635431918009
2020-10-31 02:06:22 : GuiMain.py
	Info : max_screen : <Map event>
2020-10-31 13:03:29 : GuiCanvas.py
	Info : Monitor info : {'Monitor': (0, 0, 1366, 768), 'Work': (0, 0, 1366, 738), 'Flags': 1, 'Device': '\\\\.\\DISPLAY1'}
2020-10-31 13:03:29 : GuiCanvas.py
	Info : set acc_ra: 0.5402635431918009
2020-10-31 13:03:40 : GuiMain.py
	Info : max_screen : <Map event>
2020-10-31 13:04:06 : GuiCanvas.py
	Info : Monitor info : {'Monitor': (0, 0, 1366, 768), 'Work': (0, 0, 1366, 738), 'Flags': 1, 'Device': '\\\\.\\DISPLAY1'}
2020-10-31 13:04:06 : GuiCanvas.py
	Info : set acc_ra: 0.5402635431918009
2020-10-31 13:04:12 : GuiMain.py
	Info : max_screen : <Map event>
2020-10-31 13:05:14 : GuiMain.py
	Info : mini_btn_on_hovering : <Enter event state=Mod1 focus=False x=6 y=6>
2020-10-31 13:05:14 : GuiMain.py
	Info : return_to_normal_state : <Leave event state=Mod1 focus=False x=21 y=17>
2020-10-31 13:05:14 : GuiMain.py
	Info : close_btn_on_hovering : <Enter event state=Mod1 focus=False x=0 y=17>
2020-10-31 13:06:50 : GuiCanvas.py
	Info : Monitor info : {'Monitor': (0, 0, 1366, 768), 'Work': (0, 0, 1366, 738), 'Flags': 1, 'Device': '\\\\.\\DISPLAY1'}
2020-10-31 13:06:50 : GuiCanvas.py
	Info : set acc_ra: 0.5402635431918009
2020-10-31 13:06:56 : GuiMain.py
	Info : max_screen : <Map event>
2020-10-31 13:08:18 : GuiMain.py
	Info : mini_btn_on_hovering : <Enter event state=Mod1|Mod3 focus=False x=2 y=7>
2020-10-31 13:08:19 : GuiMain.py
	Info : return_to_normal_state : <Leave event state=Mod1|Mod3 focus=False x=22 y=4>
2020-10-31 13:08:19 : GuiMain.py
	Info : close_btn_on_hovering : <Enter event state=Mod1|Mod3 focus=False x=1 y=4>
2020-10-31 13:08:19 : GuiMain.py
	Info : return_to_normal_state : <Leave event state=Mod1|Mod3 focus=False x=9 y=-1>
2020-10-31 13:08:19 : GuiMain.py
	Info : close_btn_on_hovering : <Enter event state=Mod1|Mod3 focus=False x=14 y=0>
2020-10-31 17:09:25 : GuiCanvas.py
	Info : Monitor info : {'Monitor': (0, 0, 1366, 768), 'Work': (0, 0, 1366, 738), 'Flags': 1, 'Device': '\\\\.\\DISPLAY1'}
2020-10-31 17:09:25 : GuiCanvas.py
	Info : set acc_ra: 0.5402635431918009
2020-10-31 17:09:32 : GuiMain.py
	Info : max_screen : <Map event>
2020-10-31 17:10:29 : GuiCanvas.py
	Info : Monitor info : {'Monitor': (0, 0, 1366, 768), 'Work': (0, 0, 1366, 738), 'Flags': 1, 'Device': '\\\\.\\DISPLAY1'}
2020-10-31 17:10:29 : GuiCanvas.py
	Info : set acc_ra: 0.5402635431918009
2020-10-31 17:10:34 : GuiMain.py
	Info : max_screen : <Map event>
2020-10-31 17:11:20 : GuiCanvas.py
	Info : Monitor info : {'Monitor': (0, 0, 1366, 768), 'Work': (0, 0, 1366, 738), 'Flags': 1, 'Device': '\\\\.\\DISPLAY1'}
2020-10-31 17:11:20 : GuiCanvas.py
	Info : set acc_ra: 0.5402635431918009
2020-10-31 17:11:25 : GuiMain.py
	Info : max_screen : <Map event>
2020-10-31 17:12:16 : GuiCanvas.py
	Info : Monitor info : {'Monitor': (0, 0, 1366, 768), 'Work': (0, 0, 1366, 738), 'Flags': 1, 'Device': '\\\\.\\DISPLAY1'}
2020-10-31 17:12:16 : GuiCanvas.py
	Info : set acc_ra: 0.5402635431918009
2020-10-31 17:12:21 : GuiMain.py
	Info : max_screen : <Map event>
2020-10-31 17:13:02 : GuiCanvas.py
	Info : Monitor info : {'Monitor': (0, 0, 1366, 768), 'Work': (0, 0, 1366, 738), 'Flags': 1, 'Device': '\\\\.\\DISPLAY1'}
2020-10-31 17:13:02 : GuiCanvas.py
	Info : set acc_ra: 0.5402635431918009
2020-10-31 17:13:08 : GuiMain.py
	Info : max_screen : <Map event>
2020-10-31 17:18:40 : GuiCanvas.py
	Info : Monitor info : {'Monitor': (0, 0, 1366, 768), 'Work': (0, 0, 1366, 738), 'Flags': 1, 'Device': '\\\\.\\DISPLAY1'}
2020-10-31 17:18:40 : GuiCanvas.py
	Info : set acc_ra: 0.5402635431918009
2020-10-31 17:18:45 : GuiMain.py
	Info : max_screen : <Map event>
2020-10-31 17:23:30 : GuiCanvas.py
	Info : Monitor info : {'Monitor': (0, 0, 1366, 768), 'Work': (0, 0, 1366, 738), 'Flags': 1, 'Device': '\\\\.\\DISPLAY1'}
2020-10-31 17:23:30 : GuiCanvas.py
	Info : set acc_ra: 0.5402635431918009
2020-10-31 17:23:35 : GuiMain.py
	Info : max_screen : <Map event>
2020-10-31 17:23:50 : GuiCanvas.py
	Info : Monitor info : {'Monitor': (0, 0, 1366, 768), 'Work': (0, 0, 1366, 738), 'Flags': 1, 'Device': '\\\\.\\DISPLAY1'}
2020-10-31 17:23:50 : GuiCanvas.py
	Info : set acc_ra: 0.5402635431918009
2020-10-31 17:23:55 : GuiMain.py
	Info : max_screen : <Map event>
2020-10-31 17:25:04 : GuiMain.py
	Info : close_btn_on_hovering : <Enter event state=Mod1|Mod3 focus=False x=17 y=16>
2020-10-31 17:25:53 : GuiCanvas.py
	Info : Monitor info : {'Monitor': (0, 0, 1366, 768), 'Work': (0, 0, 1366, 738), 'Flags': 1, 'Device': '\\\\.\\DISPLAY1'}
2020-10-31 17:25:53 : GuiCanvas.py
	Info : set acc_ra: 0.5402635431918009
2020-10-31 17:25:58 : GuiMain.py
	Info : max_screen : <Map event>
2020-10-31 17:26:34 : GuiCanvas.py
	Info : Monitor info : {'Monitor': (0, 0, 1366, 768), 'Work': (0, 0, 1366, 738), 'Flags': 1, 'Device': '\\\\.\\DISPLAY1'}
2020-10-31 17:26:34 : GuiCanvas.py
	Info : set acc_ra: 0.5402635431918009
2020-10-31 17:26:40 : GuiMain.py
	Info : max_screen : <Map event>
2020-10-31 17:33:44 : GuiCanvas.py
	Info : Monitor info : {'Monitor': (0, 0, 1366, 768), 'Work': (0, 0, 1366, 738), 'Flags': 1, 'Device': '\\\\.\\DISPLAY1'}
2020-10-31 17:33:44 : GuiCanvas.py
	Info : set acc_ra: 0.5402635431918009
2020-10-31 17:33:50 : GuiMain.py
	Info : max_screen : <Map event>
2020-10-31 17:39:43 : GuiCanvas.py
	Info : Monitor info : {'Monitor': (0, 0, 1366, 768), 'Work': (0, 0, 1366, 738), 'Flags': 1, 'Device': '\\\\.\\DISPLAY1'}
2020-10-31 17:39:43 : GuiCanvas.py
	Info : set acc_ra: 0.5402635431918009
2020-10-31 17:39:49 : GuiMain.py
	Info : max_screen : <Map event>
2020-10-31 17:43:55 : GuiCanvas.py
	Info : Monitor info : {'Monitor': (0, 0, 1366, 768), 'Work': (0, 0, 1366, 738), 'Flags': 1, 'Device': '\\\\.\\DISPLAY1'}
2020-10-31 17:43:55 : GuiCanvas.py
	Info : set acc_ra: 0.5402635431918009
2020-10-31 17:44:01 : GuiMain.py
	Info : max_screen : <Map event>
2020-10-31 17:44:23 : GuiCanvas.py
	Info : Monitor info : {'Monitor': (0, 0, 1366, 768), 'Work': (0, 0, 1366, 738), 'Flags': 1, 'Device': '\\\\.\\DISPLAY1'}
2020-10-31 17:44:23 : GuiCanvas.py
	Info : set acc_ra: 0.5402635431918009
2020-10-31 17:44:28 : GuiMain.py
	Info : max_screen : <Map event>
2020-10-31 19:11:38 : GuiCanvas.py
	Info : Monitor info : {'Monitor': (0, 0, 1366, 768), 'Work': (0, 0, 1366, 738), 'Flags': 1, 'Device': '\\\\.\\DISPLAY1'}
2020-10-31 19:11:38 : GuiCanvas.py
	Info : set acc_ra: 0.5402635431918009
2020-10-31 19:11:44 : GuiMain.py
	Info : max_screen : <Map event>
2020-10-31 19:12:53 : GuiMain.py
	Info : close_btn_on_hovering : <Enter event state=Mod1|Mod3 focus=False x=22 y=26>
2020-10-31 19:12:59 : GuiMain.py
	Info : return_to_normal_state : <Leave event state=Mod1|Mod3 focus=False x=-1 y=24>
2020-10-31 19:12:59 : GuiMain.py
	Info : mini_btn_on_hovering : <Enter event state=Mod1|Mod3 focus=False x=20 y=24>
2020-10-31 19:13:00 : GuiMain.py
	Info : return_to_normal_state : <Leave event state=Mod1|Mod3 focus=False x=22 y=15>
2020-10-31 19:13:00 : GuiMain.py
	Info : close_btn_on_hovering : <Enter event state=Mod1|Mod3 focus=False x=1 y=15>
2020-10-31 19:30:40 : GuiCanvas.py
	Info : Monitor info : {'Monitor': (0, 0, 1366, 768), 'Work': (0, 0, 1366, 738), 'Flags': 1, 'Device': '\\\\.\\DISPLAY1'}
2020-10-31 19:30:40 : GuiCanvas.py
	Info : set acc_ra: 0.5402635431918009
2020-10-31 19:30:52 : GuiMain.py
	Info : max_screen : <Map event>
2020-10-31 19:32:02 : GuiCanvas.py
	Info : Monitor info : {'Monitor': (0, 0, 1366, 768), 'Work': (0, 0, 1366, 738), 'Flags': 1, 'Device': '\\\\.\\DISPLAY1'}
2020-10-31 19:32:02 : GuiCanvas.py
	Info : set acc_ra: 0.5402635431918009
2020-10-31 19:32:07 : GuiMain.py
	Info : max_screen : <Map event>
2020-10-31 19:34:14 : GuiCanvas.py
	Info : Monitor info : {'Monitor': (0, 0, 1366, 768), 'Work': (0, 0, 1366, 738), 'Flags': 1, 'Device': '\\\\.\\DISPLAY1'}
2020-10-31 19:34:14 : GuiCanvas.py
	Info : set acc_ra: 0.5402635431918009
2020-10-31 19:34:19 : GuiMain.py
	Info : max_screen : <Map event>
2020-10-31 19:36:35 : GuiCanvas.py
	Info : Monitor info : {'Monitor': (0, 0, 1366, 768), 'Work': (0, 0, 1366, 738), 'Flags': 1, 'Device': '\\\\.\\DISPLAY1'}
2020-10-31 19:36:35 : GuiCanvas.py
	Info : set acc_ra: 0.5402635431918009
2020-10-31 19:36:40 : GuiMain.py
	Info : max_screen : <Map event>
2020-10-31 19:37:04 : GuiCanvas.py
	Info : Monitor info : {'Monitor': (0, 0, 1366, 768), 'Work': (0, 0, 1366, 738), 'Flags': 1, 'Device': '\\\\.\\DISPLAY1'}
2020-10-31 19:37:04 : GuiCanvas.py
	Info : set acc_ra: 0.5402635431918009
2020-10-31 19:37:10 : GuiMain.py
	Info : max_screen : <Map event>
2020-10-31 19:37:21 : GuiCanvas.py
	Info : Monitor info : {'Monitor': (0, 0, 1366, 768), 'Work': (0, 0, 1366, 738), 'Flags': 1, 'Device': '\\\\.\\DISPLAY1'}
2020-10-31 19:37:21 : GuiCanvas.py
	Info : set acc_ra: 0.5402635431918009
2020-10-31 19:37:26 : GuiMain.py
	Info : max_screen : <Map event>
2020-10-31 19:37:52 : GuiCanvas.py
	Info : Monitor info : {'Monitor': (0, 0, 1366, 768), 'Work': (0, 0, 1366, 738), 'Flags': 1, 'Device': '\\\\.\\DISPLAY1'}
2020-10-31 19:37:52 : GuiCanvas.py
	Info : set acc_ra: 0.5402635431918009
2020-10-31 19:37:57 : GuiMain.py
	Info : max_screen : <Map event>
2020-10-31 19:39:43 : GuiCanvas.py
	Info : Monitor info : {'Monitor': (0, 0, 1366, 768), 'Work': (0, 0, 1366, 738), 'Flags': 1, 'Device': '\\\\.\\DISPLAY1'}
2020-10-31 19:39:43 : GuiCanvas.py
	Info : set acc_ra: 0.5402635431918009
2020-10-31 19:39:49 : GuiMain.py
	Info : max_screen : <Map event>
2020-10-31 19:47:14 : GuiCanvas.py
	Info : Monitor info : {'Monitor': (0, 0, 1366, 768), 'Work': (0, 0, 1366, 738), 'Flags': 1, 'Device': '\\\\.\\DISPLAY1'}
2020-10-31 19:47:14 : GuiCanvas.py
	Info : set acc_ra: 0.5402635431918009
2020-10-31 19:47:19 : GuiMain.py
	Info : max_screen : <Map event>
2020-10-31 19:51:34 : GuiCanvas.py
	Info : Monitor info : {'Monitor': (0, 0, 1366, 768), 'Work': (0, 0, 1366, 738), 'Flags': 1, 'Device': '\\\\.\\DISPLAY1'}
2020-10-31 19:51:34 : GuiCanvas.py
	Info : set acc_ra: 0.5402635431918009
2020-10-31 19:51:40 : GuiMain.py
	Info : max_screen : <Map event>
2020-10-31 19:52:11 : GuiMain.py
	Info : mini_btn_on_hovering : <Enter event state=Mod1|Mod3 focus=False x=0 y=26>
2020-10-31 19:52:12 : GuiMain.py
	Info : mini_screen : <ButtonPress event state=Mod1|Mod3 num=1 x=9 y=10>
2020-10-31 19:52:12 : GuiMain.py
	Info : return_to_normal_state : <Leave event state=Mod1|Mod3|Button1 focus=False x=31934 y=32055>
2020-10-31 19:52:12 : GuiMain.py
	Info : return_to_normal_state : <Leave event state=Mod1|Mod3 focus=False x=31934 y=32055>
2020-10-31 19:52:40 : GuiMain.py
	Info : max_screen : <Map event>
2020-10-31 19:52:57 : GuiCanvas.py
	Info : Monitor info : {'Monitor': (0, 0, 1366, 768), 'Work': (0, 0, 1366, 738), 'Flags': 1, 'Device': '\\\\.\\DISPLAY1'}
2020-10-31 19:52:57 : GuiCanvas.py
	Info : set acc_ra: 0.5402635431918009
2020-10-31 19:53:03 : GuiMain.py
	Info : max_screen : <Map event>
2020-10-31 19:54:55 : GuiCanvas.py
	Info : Monitor info : {'Monitor': (0, 0, 1366, 768), 'Work': (0, 0, 1366, 738), 'Flags': 1, 'Device': '\\\\.\\DISPLAY1'}
2020-10-31 19:54:55 : GuiCanvas.py
	Info : set acc_ra: 0.5402635431918009
2020-10-31 19:55:00 : GuiMain.py
	Info : max_screen : <Map event>
2020-10-31 19:55:28 : GuiMain.py
	Info : close_btn_on_hovering : <Enter event state=Mod1|Mod3 focus=False x=22 y=1>
2020-10-31 19:56:07 : GuiCanvas.py
	Info : Monitor info : {'Monitor': (0, 0, 1366, 768), 'Work': (0, 0, 1366, 738), 'Flags': 1, 'Device': '\\\\.\\DISPLAY1'}
2020-10-31 19:56:07 : GuiCanvas.py
	Info : set acc_ra: 0.5402635431918009
2020-10-31 19:56:12 : GuiMain.py
	Info : max_screen : <Map event>
2020-10-31 20:04:48 : GuiCanvas.py
	Info : Monitor info : {'Monitor': (0, 0, 1366, 768), 'Work': (0, 0, 1366, 738), 'Flags': 1, 'Device': '\\\\.\\DISPLAY1'}
2020-10-31 20:04:48 : GuiCanvas.py
	Info : set acc_ra: 0.5402635431918009
2020-10-31 20:04:53 : GuiMain.py
	Info : max_screen : <Map event>
2020-10-31 22:09:22 : GuiCanvas.py
	Info : Monitor info : {'Monitor': (0, 0, 1366, 768), 'Work': (0, 0, 1366, 738), 'Flags': 1, 'Device': '\\\\.\\DISPLAY1'}
2020-10-31 22:09:22 : GuiCanvas.py
	Info : set acc_ra: 0.5402635431918009
2020-10-31 22:09:27 : GuiMain.py
	Info : max_screen : <Map event>
2020-10-31 22:09:49 : GuiCanvas.py
	Info : Monitor info : {'Monitor': (0, 0, 1366, 768), 'Work': (0, 0, 1366, 738), 'Flags': 1, 'Device': '\\\\.\\DISPLAY1'}
2020-10-31 22:09:49 : GuiCanvas.py
	Info : set acc_ra: 0.5402635431918009
2020-10-31 22:09:55 : GuiMain.py
	Info : max_screen : <Map event>
2020-10-31 22:11:16 : GuiCanvas.py
	Info : Monitor info : {'Monitor': (0, 0, 1366, 768), 'Work': (0, 0, 1366, 738), 'Flags': 1, 'Device': '\\\\.\\DISPLAY1'}
2020-10-31 22:11:16 : GuiCanvas.py
	Info : set acc_ra: 0.5402635431918009
2020-10-31 22:11:21 : GuiMain.py
	Info : max_screen : <Map event>
2020-10-31 22:59:57 : GuiCanvas.py
	Info : Monitor info : {'Monitor': (0, 0, 1366, 768), 'Work': (0, 0, 1366, 738), 'Flags': 1, 'Device': '\\\\.\\DISPLAY1'}
2020-10-31 22:59:57 : GuiCanvas.py
	Info : set acc_ra: 0.5402635431918009
2020-10-31 23:00:02 : GuiMain.py
	Info : max_screen : <Map event>
2020-10-31 23:00:29 : GuiCanvas.py
	Info : Monitor info : {'Monitor': (0, 0, 1366, 768), 'Work': (0, 0, 1366, 738), 'Flags': 1, 'Device': '\\\\.\\DISPLAY1'}
2020-10-31 23:00:29 : GuiCanvas.py
	Info : set acc_ra: 0.5402635431918009
2020-10-31 23:00:34 : GuiMain.py
	Info : max_screen : <Map event>
2020-10-31 23:01:26 : GuiMain.py
	Info : close_btn_on_hovering : <Enter event state=Mod1|Mod3 focus=False x=14 y=0>
2020-10-31 23:08:04 : GuiCanvas.py
	Info : Monitor info : {'Monitor': (0, 0, 1366, 768), 'Work': (0, 0, 1366, 738), 'Flags': 1, 'Device': '\\\\.\\DISPLAY1'}
2020-10-31 23:08:04 : GuiCanvas.py
	Info : set acc_ra: 0.5402635431918009
2020-10-31 23:08:10 : GuiMain.py
	Info : max_screen : <Map event>
2020-10-31 23:09:20 : GuiCanvas.py
	Info : Monitor info : {'Monitor': (0, 0, 1366, 768), 'Work': (0, 0, 1366, 738), 'Flags': 1, 'Device': '\\\\.\\DISPLAY1'}
2020-10-31 23:09:20 : GuiCanvas.py
	Info : set acc_ra: 0.5402635431918009
2020-10-31 23:09:25 : GuiMain.py
	Info : max_screen : <Map event>
2020-10-31 23:12:13 : GuiMain.py
	Info : mini_btn_on_hovering : <Enter event state=Mod1|Mod3 focus=False x=4 y=19>
2020-10-31 23:12:13 : GuiMain.py
	Info : return_to_normal_state : <Leave event state=Mod1|Mod3 focus=False x=24 y=-4>
2020-10-31 23:12:13 : GuiMain.py
	Info : close_btn_on_hovering : <Enter event state=Mod1|Mod3 focus=False x=22 y=1>
2020-10-31 23:14:44 : GuiCanvas.py
	Info : Monitor info : {'Monitor': (0, 0, 1366, 768), 'Work': (0, 0, 1366, 738), 'Flags': 1, 'Device': '\\\\.\\DISPLAY1'}
2020-10-31 23:14:44 : GuiCanvas.py
	Info : set acc_ra: 0.5402635431918009
2020-10-31 23:14:50 : GuiMain.py
	Info : max_screen : <Map event>
2020-10-31 23:15:50 : GuiMain.py
	Info : mini_btn_on_hovering : <Enter event state=Mod1|Mod3 focus=False x=0 y=17>
2020-10-31 23:15:51 : GuiMain.py
	Info : mini_screen : <ButtonPress event state=Mod1|Mod3 num=1 x=10 y=13>
2020-10-31 23:15:51 : GuiMain.py
	Info : return_to_normal_state : <Leave event state=Mod1|Mod3|Button1 focus=False x=32010 y=32013>
2020-10-31 23:15:51 : GuiMain.py
	Info : return_to_normal_state : <Leave event state=Mod1|Mod3 focus=False x=31465 y=32363>
2020-10-31 23:16:31 : GuiCanvas.py
	Info : Monitor info : {'Monitor': (0, 0, 1366, 768), 'Work': (0, 0, 1366, 738), 'Flags': 1, 'Device': '\\\\.\\DISPLAY1'}
2020-10-31 23:16:31 : GuiCanvas.py
	Info : set acc_ra: 0.5402635431918009
2020-10-31 23:16:36 : GuiMain.py
	Info : max_screen : <Map event>
2020-10-31 23:17:26 : GuiCanvas.py
	Info : Monitor info : {'Monitor': (0, 0, 1366, 768), 'Work': (0, 0, 1366, 738), 'Flags': 1, 'Device': '\\\\.\\DISPLAY1'}
2020-10-31 23:17:26 : GuiCanvas.py
	Info : set acc_ra: 0.5402635431918009
2020-10-31 23:17:31 : GuiMain.py
	Info : max_screen : <Map event>
2020-10-31 23:18:04 : GuiCanvas.py
	Info : Monitor info : {'Monitor': (0, 0, 1366, 768), 'Work': (0, 0, 1366, 738), 'Flags': 1, 'Device': '\\\\.\\DISPLAY1'}
2020-10-31 23:18:04 : GuiCanvas.py
	Info : set acc_ra: 0.5402635431918009
2020-10-31 23:18:10 : GuiMain.py
	Info : max_screen : <Map event>
2020-10-31 23:27:15 : GuiCanvas.py
	Info : Monitor info : {'Monitor': (0, 0, 1366, 768), 'Work': (0, 0, 1366, 738), 'Flags': 1, 'Device': '\\\\.\\DISPLAY1'}
2020-10-31 23:27:15 : GuiCanvas.py
	Info : set acc_ra: 0.5402635431918009
2020-10-31 23:27:24 : GuiMain.py
	Info : max_screen : <Map event>
2020-10-31 23:31:20 : GuiCanvas.py
	Info : Monitor info : {'Monitor': (0, 0, 1366, 768), 'Work': (0, 0, 1366, 738), 'Flags': 1, 'Device': '\\\\.\\DISPLAY1'}
2020-10-31 23:31:20 : GuiCanvas.py
	Info : set acc_ra: 0.5402635431918009
2020-10-31 23:31:25 : GuiMain.py
	Info : max_screen : <Map event>
2020-10-31 23:31:53 : GuiCanvas.py
	Info : Monitor info : {'Monitor': (0, 0, 1366, 768), 'Work': (0, 0, 1366, 738), 'Flags': 1, 'Device': '\\\\.\\DISPLAY1'}
2020-10-31 23:31:53 : GuiCanvas.py
	Info : set acc_ra: 0.5402635431918009
2020-10-31 23:31:58 : GuiMain.py
	Info : max_screen : <Map event>
2020-10-31 23:36:40 : GuiCanvas.py
	Info : Monitor info : {'Monitor': (0, 0, 1366, 768), 'Work': (0, 0, 1366, 738), 'Flags': 1, 'Device': '\\\\.\\DISPLAY1'}
2020-10-31 23:36:40 : GuiCanvas.py
	Info : set acc_ra: 0.5402635431918009
2020-10-31 23:36:45 : GuiMain.py
	Info : max_screen : <Map event>
2020-10-31 23:47:59 : GuiCanvas.py
	Info : Monitor info : {'Monitor': (0, 0, 1366, 768), 'Work': (0, 0, 1366, 738), 'Flags': 1, 'Device': '\\\\.\\DISPLAY1'}
2020-10-31 23:47:59 : GuiCanvas.py
	Info : set acc_ra: 0.5402635431918009
2020-10-31 23:48:05 : GuiMain.py
	Info : max_screen : <Map event>
2020-11-01 00:00:42 : GuiCanvas.py
	Info : Monitor info : {'Monitor': (0, 0, 1366, 768), 'Work': (0, 0, 1366, 738), 'Flags': 1, 'Device': '\\\\.\\DISPLAY1'}
2020-11-01 00:00:42 : GuiCanvas.py
	Info : set acc_ra: 0.5402635431918009
2020-11-01 00:00:48 : GuiMain.py
	Info : max_screen : <Map event>
2020-11-01 00:03:40 : GuiCanvas.py
	Info : Monitor info : {'Monitor': (0, 0, 1366, 768), 'Work': (0, 0, 1366, 738), 'Flags': 1, 'Device': '\\\\.\\DISPLAY1'}
2020-11-01 00:03:40 : GuiCanvas.py
	Info : set acc_ra: 0.5402635431918009
2020-11-01 00:03:46 : GuiMain.py
	Info : max_screen : <Map event>
2020-11-01 00:04:41 : GuiCanvas.py
	Info : Monitor info : {'Monitor': (0, 0, 1366, 768), 'Work': (0, 0, 1366, 738), 'Flags': 1, 'Device': '\\\\.\\DISPLAY1'}
2020-11-01 00:04:41 : GuiCanvas.py
	Info : set acc_ra: 0.5402635431918009
2020-11-01 00:04:47 : GuiMain.py
	Info : max_screen : <Map event>
2020-11-01 00:06:48 : GuiCanvas.py
	Info : Monitor info : {'Monitor': (0, 0, 1366, 768), 'Work': (0, 0, 1366, 738), 'Flags': 1, 'Device': '\\\\.\\DISPLAY1'}
2020-11-01 00:06:48 : GuiCanvas.py
	Info : set acc_ra: 0.5402635431918009
2020-11-01 00:06:54 : GuiMain.py
	Info : max_screen : <Map event>
2020-11-01 00:11:40 : GuiCanvas.py
	Info : Monitor info : {'Monitor': (0, 0, 1366, 768), 'Work': (0, 0, 1366, 738), 'Flags': 1, 'Device': '\\\\.\\DISPLAY1'}
2020-11-01 00:11:40 : GuiCanvas.py
	Info : set acc_ra: 0.5402635431918009
2020-11-01 00:11:46 : GuiMain.py
	Info : max_screen : <Map event>
2020-11-01 00:12:20 : GuiCanvas.py
	Info : Monitor info : {'Monitor': (0, 0, 1366, 768), 'Work': (0, 0, 1366, 738), 'Flags': 1, 'Device': '\\\\.\\DISPLAY1'}
2020-11-01 00:12:20 : GuiCanvas.py
	Info : set acc_ra: 0.5402635431918009
2020-11-01 00:12:26 : GuiMain.py
	Info : max_screen : <Map event>
2020-11-01 00:13:47 : GuiCanvas.py
	Info : Monitor info : {'Monitor': (0, 0, 1366, 768), 'Work': (0, 0, 1366, 738), 'Flags': 1, 'Device': '\\\\.\\DISPLAY1'}
2020-11-01 00:13:47 : GuiCanvas.py
	Info : set acc_ra: 0.5402635431918009
2020-11-01 00:13:53 : GuiMain.py
	Info : max_screen : <Map event>
2020-11-01 00:26:29 : GuiCanvas.py
	Info : Monitor info : {'Monitor': (0, 0, 1366, 768), 'Work': (0, 0, 1366, 738), 'Flags': 1, 'Device': '\\\\.\\DISPLAY1'}
2020-11-01 00:26:29 : GuiCanvas.py
	Info : set acc_ra: 0.5402635431918009
2020-11-01 00:26:37 : GuiMain.py
	Info : max_screen : <Map event>
2020-11-01 00:29:28 : GuiCanvas.py
	Info : Monitor info : {'Monitor': (0, 0, 1366, 768), 'Work': (0, 0, 1366, 738), 'Flags': 1, 'Device': '\\\\.\\DISPLAY1'}
2020-11-01 00:29:28 : GuiCanvas.py
	Info : set acc_ra: 0.5402635431918009
2020-11-01 00:29:34 : GuiMain.py
	Info : max_screen : <Map event>
2020-11-01 00:30:05 : GuiCanvas.py
	Info : Monitor info : {'Monitor': (0, 0, 1366, 768), 'Work': (0, 0, 1366, 738), 'Flags': 1, 'Device': '\\\\.\\DISPLAY1'}
2020-11-01 00:30:05 : GuiCanvas.py
	Info : set acc_ra: 0.5402635431918009
2020-11-01 00:30:10 : GuiMain.py
	Info : max_screen : <Map event>
2020-11-01 00:31:45 : GuiCanvas.py
	Info : Monitor info : {'Monitor': (0, 0, 1366, 768), 'Work': (0, 0, 1366, 738), 'Flags': 1, 'Device': '\\\\.\\DISPLAY1'}
2020-11-01 00:31:45 : GuiCanvas.py
	Info : set acc_ra: 0.5402635431918009
2020-11-01 00:31:50 : GuiMain.py
	Info : max_screen : <Map event>
2020-11-01 00:32:12 : GuiCanvas.py
	Info : Monitor info : {'Monitor': (0, 0, 1366, 768), 'Work': (0, 0, 1366, 738), 'Flags': 1, 'Device': '\\\\.\\DISPLAY1'}
2020-11-01 00:32:12 : GuiCanvas.py
	Info : set acc_ra: 0.5402635431918009
2020-11-01 00:32:17 : GuiMain.py
	Info : max_screen : <Map event>
2020-11-01 00:34:50 : GuiCanvas.py
	Info : Monitor info : {'Monitor': (0, 0, 1366, 768), 'Work': (0, 0, 1366, 738), 'Flags': 1, 'Device': '\\\\.\\DISPLAY1'}
2020-11-01 00:34:50 : GuiCanvas.py
	Info : set acc_ra: 0.5402635431918009
2020-11-01 00:34:56 : GuiMain.py
	Info : max_screen : <Map event>
2020-11-01 00:35:13 : GuiCanvas.py
	Info : Monitor info : {'Monitor': (0, 0, 1366, 768), 'Work': (0, 0, 1366, 738), 'Flags': 1, 'Device': '\\\\.\\DISPLAY1'}
2020-11-01 00:35:13 : GuiCanvas.py
	Info : set acc_ra: 0.5402635431918009
2020-11-01 00:35:19 : GuiMain.py
	Info : max_screen : <Map event>
2020-11-01 00:35:59 : GuiMain.py
	Info : close_btn_on_hovering : <Enter event state=Mod1|Mod3 focus=False x=11 y=27>
2020-11-01 00:36:00 : GuiMain.py
	Info : return_to_normal_state : <Leave event state=Mod1|Mod3 focus=False x=9 y=31>
2020-11-01 00:40:18 : GuiMain.py
	Info : close_btn_on_hovering : <Enter event state=Mod1|Mod3 focus=False x=13 y=27>
2020-11-01 01:25:43 : GuiCanvas.py
	Info : Monitor info : {'Monitor': (0, 0, 1366, 768), 'Work': (0, 0, 1366, 738), 'Flags': 1, 'Device': '\\\\.\\DISPLAY1'}
2020-11-01 01:25:43 : GuiCanvas.py
	Info : set acc_ra: 0.5402635431918009
2020-11-01 01:25:50 : GuiMain.py
	Info : max_screen : <Map event>
