2020-05-10 14:58:33 : GuiCanvas.py
	Info : Monitor info : {'Monitor': (0, 0, 1536, 864), 'Work': (0, 0, 1536, 824), 'Flags': 1, 'Device': '\\\\.\\DISPLAY1'}
2020-05-10 14:58:33 : GuiCanvas.py
	Info : set acc_ra: 0.5364583333333334
2020-05-10 14:58:33 : DBConnection
	Info : values : ('0',)  query :  Select * from Software where del=%s
2020-05-10 14:58:33 : DBConnection
	Info : Create new DB object
2020-05-10 14:58:33 : GuiCanvas.py
	Info : create_body_data : [{'id': 1, 'name': 'Java', 'img': 'jdk/img/icon.png', 'del': 0, 'installed': 1, 'installed_ver': ['12.0.1.0', '8.0.1210.13']}, {'id': 2, 'name': 'Eclipse', 'img': 'eclipse/img/icon.png', 'del': 0}, {'id': 3, 'name': 'PHP', 'img': 'php/img/icon.png', 'del': 0}, {'id': 4, 'name': 'Composer', 'img': 'composer/img/icon.png', 'del': 0}, {'id': 5, 'name': 'PuTTY', 'img': 'putty/img/icon.png', 'del': 0, 'installed': 1, 'installed_ver': ['0.73.0.0']}]
2020-05-10 14:58:33 : DBConnection
	Info : values : ('0', '1')  query :  Select * from Version where del=%s and soft_id=%s order by id desc
2020-05-10 14:58:33 : DBConnection
	Info : values : ('0', '2')  query :  Select * from Version where del=%s and soft_id=%s order by id desc
2020-05-10 14:58:33 : DBConnection
	Info : values : ('0', '3')  query :  Select * from Version where del=%s and soft_id=%s order by id desc
2020-05-10 14:58:33 : DBConnection
	Info : values : ('0', '4')  query :  Select * from Version where del=%s and soft_id=%s order by id desc
2020-05-10 14:58:33 : DBConnection
	Info : values : ('0', '5')  query :  Select * from Version where del=%s and soft_id=%s order by id desc
2020-05-10 14:58:33 : GuiCanvas.py
	Info : scroll_all : <Configure event x=0 y=0 width=1492 height=374>
2020-05-10 14:58:33 : GuiCanvas.py
	Info : scroll_all : <Configure event x=0 y=0 width=1492 height=746>
2020-05-10 14:58:34 : GuiMain.py
	Info : max_screen : <Map event>
2020-05-10 14:58:42 : GuiMain.py
	Info : add_btn_on_hovering : <Enter event state=Mod1 focus=False x=349 y=6>
2020-05-10 14:58:43 : GuiMain.py
	Info : add_but_return_to_normal_state : <Leave event state=Mod1 focus=False x=265 y=81>
2020-05-10 14:58:53 : GuiMain.py
	Info : add_btn_on_hovering : <Enter event state=Mod1 focus=False x=241 y=79>
2020-05-10 14:58:53 : GuiMain.py
	Info : add_but_return_to_normal_state : <Leave event state=Mod1 focus=False x=197 y=-3>
2020-05-10 14:58:53 : GuiMain.py
	Info : mini_btn_on_hovering : <Enter event state=Mod1 focus=False x=0 y=29>
2020-05-10 14:58:56 : GuiMain.py
	Info : return_to_normal_state : <Leave event state=Mod1 focus=False x=25 y=39>
2020-05-10 15:22:46 : GuiCanvas.py
	Info : Monitor info : {'Monitor': (0, 0, 1536, 864), 'Work': (0, 0, 1536, 824), 'Flags': 1, 'Device': '\\\\.\\DISPLAY1'}
2020-05-10 15:22:46 : GuiCanvas.py
	Info : set acc_ra: 0.5364583333333334
2020-05-10 15:22:47 : DBConnection
	Info : values : ('0',)  query :  Select * from Software where del=%s
2020-05-10 15:22:47 : DBConnection
	Info : Create new DB object
2020-05-10 15:22:47 : GuiCanvas.py
	Info : create_body_data : [{'id': 1, 'name': 'Java', 'img': 'jdk/img/icon.png', 'del': 0, 'installed': 1, 'installed_ver': ['12.0.1.0', '8.0.1210.13']}, {'id': 2, 'name': 'Eclipse', 'img': 'eclipse/img/icon.png', 'del': 0}, {'id': 3, 'name': 'PHP', 'img': 'php/img/icon.png', 'del': 0}, {'id': 4, 'name': 'Composer', 'img': 'composer/img/icon.png', 'del': 0}, {'id': 5, 'name': 'PuTTY', 'img': 'putty/img/icon.png', 'del': 0, 'installed': 1, 'installed_ver': ['0.73.0.0']}]
2020-05-10 15:22:47 : DBConnection
	Info : values : ('0', '1')  query :  Select * from Version where del=%s and soft_id=%s order by id desc
2020-05-10 15:22:47 : DBConnection
	Info : values : ('0', '2')  query :  Select * from Version where del=%s and soft_id=%s order by id desc
2020-05-10 15:22:47 : DBConnection
	Info : values : ('0', '3')  query :  Select * from Version where del=%s and soft_id=%s order by id desc
2020-05-10 15:22:48 : DBConnection
	Info : values : ('0', '4')  query :  Select * from Version where del=%s and soft_id=%s order by id desc
2020-05-10 15:22:48 : DBConnection
	Info : values : ('0', '5')  query :  Select * from Version where del=%s and soft_id=%s order by id desc
2020-05-10 15:22:48 : GuiCanvas.py
	Info : scroll_all : <Configure event x=0 y=0 width=1492 height=374>
2020-05-10 15:22:48 : GuiCanvas.py
	Info : scroll_all : <Configure event x=0 y=0 width=1492 height=746>
2020-05-10 15:22:48 : GuiMain.py
	Info : max_screen : <Map event>
2020-05-10 15:22:48 : GuiMain.py
	Info : add_btn_on_hovering : <Enter event state=Mod1 focus=False x=93 y=18>
2020-05-10 15:22:49 : GuiMain.py
	Info : add_but_return_to_normal_state : <Leave event state=Mod1 focus=False x=-1 y=34>
2020-05-10 15:22:49 : GuiMain.py
	Info : add_btn_on_hovering : <Enter event state=Mod1 focus=False x=350 y=44>
2020-05-10 15:22:53 : GuiMain.py
	Info : add_but_return_to_normal_state : <Leave event state=Mod1 focus=False x=351 y=54>
2020-05-10 15:23:05 : GuiMain.py
	Info : add_btn_on_hovering : <Enter event state=Mod1 focus=False x=99 y=78>
2020-05-10 15:23:05 : GuiMain.py
	Info : add_but_return_to_normal_state : <Leave event state=Mod1 focus=False x=224 y=-11>
2020-05-10 15:23:07 : GuiMain.py
	Info : add_btn_on_hovering : <Enter event state=Mod1 focus=False x=261 y=79>
2020-05-10 15:23:07 : GuiMain.py
	Info : add_but_return_to_normal_state : <Leave event state=Mod1 focus=False x=224 y=-2>
2020-05-10 15:23:09 : GuiMain.py
	Info : mini_btn_on_hovering : <Enter event state=Mod1 focus=False x=0 y=24>
2020-05-10 15:23:10 : GuiMain.py
	Info : return_to_normal_state : <Leave event state=Mod1 focus=False x=14 y=37>
2020-05-10 15:23:11 : GuiMain.py
	Info : mini_btn_on_hovering : <Enter event state=Mod1 focus=False x=0 y=23>
2020-05-10 15:23:12 : GuiMain.py
	Info : mini_screen : <ButtonPress event state=Mod1 num=1 x=4 y=22>
2020-05-10 15:23:12 : GuiMain.py
	Info : return_to_normal_state : <Leave event state=Mod1|Button1 focus=False x=32004 y=32023>
2020-05-10 15:23:12 : GuiMain.py
	Info : return_to_normal_state : <Leave event state=Mod1 focus=False x=31308 y=32350>
2020-05-10 15:23:23 : GuiCanvas.py
	Info : Monitor info : {'Monitor': (0, 0, 1536, 864), 'Work': (0, 0, 1536, 824), 'Flags': 1, 'Device': '\\\\.\\DISPLAY1'}
2020-05-10 15:23:23 : GuiCanvas.py
	Info : set acc_ra: 0.5364583333333334
2020-05-10 15:23:24 : DBConnection
	Info : values : ('0',)  query :  Select * from Software where del=%s
2020-05-10 15:23:24 : DBConnection
	Info : Create new DB object
2020-05-10 15:23:24 : GuiCanvas.py
	Info : create_body_data : [{'id': 1, 'name': 'Java', 'img': 'jdk/img/icon.png', 'del': 0, 'installed': 1, 'installed_ver': ['12.0.1.0', '8.0.1210.13']}, {'id': 2, 'name': 'Eclipse', 'img': 'eclipse/img/icon.png', 'del': 0}, {'id': 3, 'name': 'PHP', 'img': 'php/img/icon.png', 'del': 0}, {'id': 4, 'name': 'Composer', 'img': 'composer/img/icon.png', 'del': 0}, {'id': 5, 'name': 'PuTTY', 'img': 'putty/img/icon.png', 'del': 0, 'installed': 1, 'installed_ver': ['0.73.0.0']}]
2020-05-10 15:23:24 : DBConnection
	Info : values : ('0', '1')  query :  Select * from Version where del=%s and soft_id=%s order by id desc
2020-05-10 15:23:24 : DBConnection
	Info : values : ('0', '2')  query :  Select * from Version where del=%s and soft_id=%s order by id desc
2020-05-10 15:23:24 : DBConnection
	Info : values : ('0', '3')  query :  Select * from Version where del=%s and soft_id=%s order by id desc
2020-05-10 15:23:24 : DBConnection
	Info : values : ('0', '4')  query :  Select * from Version where del=%s and soft_id=%s order by id desc
2020-05-10 15:23:24 : DBConnection
	Info : values : ('0', '5')  query :  Select * from Version where del=%s and soft_id=%s order by id desc
2020-05-10 15:23:24 : GuiCanvas.py
	Info : scroll_all : <Configure event x=0 y=0 width=1492 height=374>
2020-05-10 15:23:24 : GuiCanvas.py
	Info : scroll_all : <Configure event x=0 y=0 width=1492 height=746>
2020-05-10 15:23:24 : GuiMain.py
	Info : max_screen : <Map event>
2020-05-10 15:23:24 : GuiMain.py
	Info : add_btn_on_hovering : <Enter event state=Mod1 focus=False x=78 y=49>
2020-05-10 15:23:24 : GuiMain.py
	Info : add_but_return_to_normal_state : <Leave event state=Mod1 focus=False x=53 y=-2>
2020-05-10 15:23:26 : GuiMain.py
	Info : add_btn_on_hovering : <Enter event state=Mod1 focus=False x=348 y=17>
2020-05-10 15:23:26 : GuiMain.py
	Info : add_but_return_to_normal_state : <Leave event state=Mod1 focus=False x=350 y=98>
2020-05-10 15:23:30 : GuiMain.py
	Info : add_btn_on_hovering : <Enter event state=Mod1 focus=False x=17 y=2>
2020-05-10 15:23:30 : GuiMain.py
	Info : add_but_return_to_normal_state : <Leave event state=Mod1 focus=False x=-33 y=13>
2020-05-10 15:23:30 : GuiMain.py
	Info : add_btn_on_hovering : <Enter event state=Mod1 focus=False x=340 y=13>
2020-05-10 15:23:30 : GuiMain.py
	Info : add_but_return_to_normal_state : <Leave event state=Mod1 focus=False x=-2 y=69>
2020-05-10 15:23:30 : GuiMain.py
	Info : add_btn_on_hovering : <Enter event state=Mod1 focus=False x=348 y=73>
2020-05-10 15:23:30 : GuiMain.py
	Info : add_but_return_to_normal_state : <Leave event state=Mod1 focus=False x=308 y=80>
2020-05-10 15:23:30 : GuiMain.py
	Info : add_btn_on_hovering : <Enter event state=Mod1 focus=False x=274 y=79>
2020-05-10 15:23:33 : GuiMain.py
	Info : add_but_return_to_normal_state : <Leave event state=Mod1 focus=False x=351 y=49>
2020-05-10 15:23:33 : GuiMain.py
	Info : add_btn_on_hovering : <Enter event state=Mod1 focus=False x=0 y=40>
2020-05-10 15:23:34 : GuiMain.py
	Info : add_but_return_to_normal_state : <Leave event state=Mod1 focus=False x=361 y=16>
2020-05-10 15:23:34 : GuiMain.py
	Info : add_btn_on_hovering : <Enter event state=Mod1 focus=False x=10 y=16>
2020-05-10 15:23:34 : GuiMain.py
	Info : add_but_return_to_normal_state : <Leave event state=Mod1 focus=False x=362 y=-1>
2020-05-10 15:24:33 : GuiCanvas.py
	Info : Monitor info : {'Monitor': (0, 0, 1536, 864), 'Work': (0, 0, 1536, 824), 'Flags': 1, 'Device': '\\\\.\\DISPLAY1'}
2020-05-10 15:24:33 : GuiCanvas.py
	Info : set acc_ra: 0.5364583333333334
2020-05-10 15:24:34 : DBConnection
	Info : values : ('0',)  query :  Select * from Software where del=%s
2020-05-10 15:24:34 : DBConnection
	Info : Create new DB object
2020-05-10 15:24:34 : GuiCanvas.py
	Info : create_body_data : [{'id': 1, 'name': 'Java', 'img': 'jdk/img/icon.png', 'del': 0, 'installed': 1, 'installed_ver': ['12.0.1.0', '8.0.1210.13']}, {'id': 2, 'name': 'Eclipse', 'img': 'eclipse/img/icon.png', 'del': 0}, {'id': 3, 'name': 'PHP', 'img': 'php/img/icon.png', 'del': 0}, {'id': 4, 'name': 'Composer', 'img': 'composer/img/icon.png', 'del': 0}, {'id': 5, 'name': 'PuTTY', 'img': 'putty/img/icon.png', 'del': 0, 'installed': 1, 'installed_ver': ['0.73.0.0']}]
2020-05-10 15:24:34 : DBConnection
	Info : values : ('0', '1')  query :  Select * from Version where del=%s and soft_id=%s order by id desc
2020-05-10 15:24:34 : DBConnection
	Info : values : ('0', '2')  query :  Select * from Version where del=%s and soft_id=%s order by id desc
2020-05-10 15:24:34 : DBConnection
	Info : values : ('0', '3')  query :  Select * from Version where del=%s and soft_id=%s order by id desc
2020-05-10 15:24:34 : DBConnection
	Info : values : ('0', '4')  query :  Select * from Version where del=%s and soft_id=%s order by id desc
2020-05-10 15:24:34 : DBConnection
	Info : values : ('0', '5')  query :  Select * from Version where del=%s and soft_id=%s order by id desc
2020-05-10 15:24:34 : GuiCanvas.py
	Info : scroll_all : <Configure event x=0 y=0 width=1492 height=374>
2020-05-10 15:24:34 : GuiCanvas.py
	Info : scroll_all : <Configure event x=0 y=0 width=1492 height=746>
2020-05-10 15:24:34 : GuiMain.py
	Info : max_screen : <Map event>
2020-05-10 15:24:34 : GuiMain.py
	Info : add_btn_on_hovering : <Enter event state=Mod1 focus=False x=78 y=48>
2020-05-10 15:24:34 : GuiMain.py
	Info : add_but_return_to_normal_state : <Leave event state=Mod1 focus=False x=-4 y=40>
2020-05-10 15:24:34 : GuiMain.py
	Info : add_btn_on_hovering : <Enter event state=Mod1 focus=False x=349 y=39>
2020-05-10 15:24:35 : GuiMain.py
	Info : add_but_return_to_normal_state : <Leave event state=Mod1 focus=False x=89 y=-1>
2020-05-10 15:24:35 : GuiMain.py
	Info : add_btn_on_hovering : <Enter event state=Mod1 focus=False x=238 y=0>
2020-05-10 15:24:36 : GuiMain.py
	Info : add_but_return_to_normal_state : <Leave event state=Mod1|Button1 focus=False x=177 y=40>
2020-05-10 15:24:36 : GuiMain.py
	Info : add_but_return_to_normal_state : <Leave event state=Mod1 focus=False x=177 y=40>
2020-05-10 15:24:37 : GuiMain.py
	Info : add_btn_on_hovering : <Enter event state=Mod1 focus=False x=5 y=79>
2020-05-10 15:24:37 : GuiMain.py
	Info : add_but_return_to_normal_state : <Leave event state=Mod1 focus=False x=-9 y=78>
2020-05-10 15:24:37 : GuiMain.py
	Info : add_btn_on_hovering : <Enter event state=Mod1 focus=False x=347 y=76>
2020-05-10 15:24:37 : GuiMain.py
	Info : add_but_return_to_normal_state : <Leave event state=Mod1 focus=False x=-1 y=3>
2020-05-10 15:24:40 : GuiMain.py
	Info : add_btn_on_hovering : <Enter event state=Mod1 focus=False x=3 y=79>
2020-05-10 15:24:40 : GuiMain.py
	Info : add_but_return_to_normal_state : <Leave event state=Mod1 focus=False x=-4 y=78>
2020-05-10 15:24:40 : GuiMain.py
	Info : add_btn_on_hovering : <Enter event state=Mod1 focus=False x=348 y=75>
2020-05-10 15:24:40 : GuiMain.py
	Info : add_but_return_to_normal_state : <Leave event state=Mod1 focus=False x=-7 y=3>
2020-05-10 15:24:42 : GuiMain.py
	Info : add_btn_on_hovering : <Enter event state=Mod1 focus=False x=252 y=1>
2020-05-10 15:24:42 : GuiCanvas.py
	Info : add_click  soft_id : 1 event : <ButtonPress event state=Mod1 num=1 x=201 y=41> array_id : 0
2020-05-10 15:24:42 : GuiMain.py
	Info : add_but_return_to_normal_state : <Leave event state=Mod1 focus=False x=353 y=18>
2020-05-10 15:24:42 : GuiMain.py
	Info : add_btn_on_hovering : <Enter event state=Mod1 focus=False x=1 y=14>
2020-05-10 15:24:42 : GuiMain.py
	Info : add_but_return_to_normal_state : <Leave event state=Mod1 focus=False x=75 y=-2>
2020-05-10 15:24:44 : GuiMain.py
	Info : add_btn_on_hovering : <Enter event state=Mod1 focus=False x=54 y=4>
2020-05-10 15:24:44 : GuiMain.py
	Info : add_but_return_to_normal_state : <Leave event state=Mod1 focus=False x=-4 y=22>
2020-05-10 15:24:44 : GuiMain.py
	Info : add_btn_on_hovering : <Enter event state=Mod1 focus=False x=350 y=27>
2020-05-10 15:24:44 : GuiMain.py
	Info : add_but_return_to_normal_state : <Leave event state=Mod1 focus=False x=213 y=81>
2020-05-10 15:24:44 : GuiMain.py
	Info : add_btn_on_hovering : <Enter event state=Mod1 focus=False x=145 y=79>
2020-05-10 15:24:44 : GuiCanvas.py
	Info : add_click  soft_id : 1 event : <ButtonPress event state=Mod1 num=1 x=146 y=54> array_id : 0
2020-05-10 15:24:45 : GuiMain.py
	Info : add_but_return_to_normal_state : <Leave event state=Mod1 focus=False x=322 y=-2>
2020-05-10 15:24:45 : GuiMain.py
	Info : mini_btn_on_hovering : <Enter event state=Mod1 focus=False x=0 y=22>
2020-05-10 15:24:46 : GuiMain.py
	Info : return_to_normal_state : <Leave event state=Mod1 focus=False x=26 y=22>
2020-05-10 15:24:46 : GuiMain.py
	Info : close_btn_on_hovering : <Enter event state=Mod1 focus=False x=0 y=22>
